[0.217s] Invoking command in '/home/weiwei/Desktop/project/ObsAvoidance/build/model': CMAKE_PREFIX_PATH=/home/weiwei/Desktop/project/ObsAvoidance/install/interface:/home/weiwei/Desktop/project/ObsAvoidance/install/orbslam:/home/weiwei/Desktop/project/ObsAvoidance/install/model:/home/weiwei/Desktop/project/ObsAvoidance/install/media:/opt/ros/foxy /usr/bin/cmake /home/weiwei/Desktop/project/ObsAvoidance/src/model -DCMAKE_INSTALL_PREFIX=/home/weiwei/Desktop/project/ObsAvoidance/install/model
[0.260s] -- The C compiler identification is GNU 9.4.0
[0.304s] -- The CXX compiler identification is GNU 9.4.0
[0.307s] -- Check for working C compiler: /usr/bin/cc
[0.357s] -- Check for working C compiler: /usr/bin/cc -- works
[0.357s] -- Detecting C compiler ABI info
[0.405s] -- Detecting C compiler ABI info - done
[0.418s] -- Detecting C compile features
[0.418s] -- Detecting C compile features - done
[0.421s] -- Check for working CXX compiler: /usr/bin/c++
[0.478s] -- Check for working CXX compiler: /usr/bin/c++ -- works
[0.479s] -- Detecting CXX compiler ABI info
[0.534s] -- Detecting CXX compiler ABI info - done
[0.542s] -- Detecting CXX compile features
[0.542s] -- Detecting CXX compile features - done
[0.544s] -- Found ament_cmake: 0.9.12 (/opt/ros/foxy/share/ament_cmake/cmake)
[0.561s] -- Found PythonInterp: /usr/bin/python3 (found suitable version "3.8.10", minimum required is "3") 
[0.561s] -- Using PYTHON_EXECUTABLE: /usr/bin/python3
[0.698s] -- Found rclcpp: 2.4.3 (/opt/ros/foxy/share/rclcpp/cmake)
[0.733s] -- Using all available rosidl_typesupport_c: rosidl_typesupport_fastrtps_c;rosidl_typesupport_introspection_c
[0.739s] -- Found rosidl_adapter: 1.3.1 (/opt/ros/foxy/share/rosidl_adapter/cmake)
[0.800s] -- Found OpenSSL: /usr/lib/x86_64-linux-gnu/libcrypto.so (found version "1.1.1f")  
[0.826s] -- Found FastRTPS: /opt/ros/foxy/include  
[0.889s] -- Using all available rosidl_typesupport_cpp: rosidl_typesupport_fastrtps_cpp;rosidl_typesupport_introspection_cpp
[0.928s] -- Found rmw_implementation_cmake: 1.0.4 (/opt/ros/foxy/share/rmw_implementation_cmake/cmake)
[0.929s] -- Using RMW implementation 'rmw_fastrtps_cpp' as default
[0.930s] -- Looking for pthread.h
[0.980s] -- Looking for pthread.h - found
[0.981s] -- Performing Test CMAKE_HAVE_LIBC_PTHREAD
[1.030s] -- Performing Test CMAKE_HAVE_LIBC_PTHREAD - Failed
[1.030s] -- Looking for pthread_create in pthreads
[1.071s] -- Looking for pthread_create in pthreads - not found
[1.071s] -- Looking for pthread_create in pthread
[1.123s] -- Looking for pthread_create in pthread - found
[1.123s] -- Found Threads: TRUE  
[1.228s] -- Found interface: 0.0.0 (/home/weiwei/Desktop/project/ObsAvoidance/install/interface/share/interface/cmake)
[1.400s] -- Found cv_bridge: 3.0.7 (/opt/ros/foxy/share/cv_bridge/cmake)
[1.419s] -- Found pcl_conversions: 2.2.1 (/opt/ros/foxy/share/pcl_conversions/cmake)
[1.536s] -- Found octomap_msgs: 2.0.0 (/opt/ros/foxy/share/octomap_msgs/cmake)
[1.592s] -- Checking for module 'eigen3'
[1.602s] --   Found eigen3, version 3.3.9
[1.626s] -- Found Eigen: /usr/include/eigen3 (Required is at least version "3.1") 
[1.626s] -- Eigen found (include: /usr/include/eigen3, version: 3.3.7)
[1.661s] -- Found Boost: /usr/include (found suitable version "1.71.0", minimum required is "1.55.0") found components: system filesystem date_time iostreams regex 
[1.673s] -- Checking for module 'flann'
[1.683s] --   Found flann, version 1.9.1
[1.711s] -- Found FLANN: /usr/lib/x86_64-linux-gnu/libflann_cpp.so  
[1.747s] -- The imported target "vtkParseOGLExt" references the file
[1.747s]    "/usr/bin/vtkParseOGLExt-7.1"
[1.747s] but this file does not exist.  Possible reasons include:
[1.747s] * The file was deleted, renamed, or moved to another location.
[1.747s] * An install or uninstall procedure did not complete successfully.
[1.747s] * The installation package was faulty and contained
[1.747s]    "/usr/lib/cmake/vtk-7.1/VTKTargets.cmake"
[1.747s] but not all the files it references.
[1.747s] 
[1.748s] -- The imported target "vtkRenderingPythonTkWidgets" references the file
[1.748s]    "/usr/lib/x86_64-linux-gnu/libvtkRenderingPythonTkWidgets.so"
[1.748s] but this file does not exist.  Possible reasons include:
[1.748s] * The file was deleted, renamed, or moved to another location.
[1.748s] * An install or uninstall procedure did not complete successfully.
[1.748s] * The installation package was faulty and contained
[1.748s]    "/usr/lib/cmake/vtk-7.1/VTKTargets.cmake"
[1.748s] but not all the files it references.
[1.748s] 
[1.748s] -- The imported target "vtk" references the file
[1.748s]    "/usr/bin/vtk"
[1.749s] but this file does not exist.  Possible reasons include:
[1.749s] * The file was deleted, renamed, or moved to another location.
[1.749s] * An install or uninstall procedure did not complete successfully.
[1.749s] * The installation package was faulty and contained
[1.749s]    "/usr/lib/cmake/vtk-7.1/VTKTargets.cmake"
[1.749s] but not all the files it references.
[1.749s] 
[1.749s] -- The imported target "pvtk" references the file
[1.749s]    "/usr/bin/pvtk"
[1.749s] but this file does not exist.  Possible reasons include:
[1.749s] * The file was deleted, renamed, or moved to another location.
[1.749s] * An install or uninstall procedure did not complete successfully.
[1.749s] * The installation package was faulty and contained
[1.749s]    "/usr/lib/cmake/vtk-7.1/VTKTargets.cmake"
[1.749s] but not all the files it references.
[1.749s] 
[1.761s] -- Checking for module 'libusb-1.0'
[1.772s] --   Found libusb-1.0, version 1.0.23
[1.799s] -- Found USB_10: /usr/lib/x86_64-linux-gnu/libusb-1.0.so  
[1.845s] -- Found OpenNI: /usr/lib/libOpenNI.so  
[1.846s] -- OpenNI found (include: /usr/include/ni, lib: /usr/lib/libOpenNI.so)
[1.898s] -- Found OpenNI2: /usr/lib/libOpenNI2.so  
[1.898s] -- OpenNI2 found (include: /usr/include/openni2, lib: /usr/lib/libOpenNI2.so)
[1.899s] ** WARNING ** io features related to pcap will be disabled
[1.899s] ** WARNING ** io features related to png will be disabled
[1.916s] -- Found libusb-1.0: /usr/include  
[1.917s] ** WARNING ** io features related to libusb-1.0 will be disabled
[1.924s] -- OpenNI found (include: /usr/include/ni, lib: /usr/lib/libOpenNI.so)
[1.930s] -- OpenNI2 found (include: /usr/include/openni2, lib: /usr/lib/libOpenNI2.so)
[1.956s] -- Found Qhull: optimized;/usr/lib/x86_64-linux-gnu/libqhull.so;debug;/usr/lib/x86_64-linux-gnu/libqhull.so  
[1.957s] -- QHULL found (include: /usr/include, lib: optimized;/usr/lib/x86_64-linux-gnu/libqhull.so;debug;/usr/lib/x86_64-linux-gnu/libqhull.so)
[1.962s] -- OpenNI found (include: /usr/include/ni, lib: /usr/lib/libOpenNI.so)
[1.970s] -- looking for PCL_COMMON
[1.972s] -- Found PCL_COMMON: /usr/lib/x86_64-linux-gnu/libpcl_common.so  
[1.972s] -- looking for PCL_KDTREE
[1.973s] -- Found PCL_KDTREE: /usr/lib/x86_64-linux-gnu/libpcl_kdtree.so  
[1.973s] -- looking for PCL_OCTREE
[1.974s] -- Found PCL_OCTREE: /usr/lib/x86_64-linux-gnu/libpcl_octree.so  
[1.974s] -- looking for PCL_SEARCH
[1.975s] -- Found PCL_SEARCH: /usr/lib/x86_64-linux-gnu/libpcl_search.so  
[1.975s] -- looking for PCL_SAMPLE_CONSENSUS
[1.976s] -- Found PCL_SAMPLE_CONSENSUS: /usr/lib/x86_64-linux-gnu/libpcl_sample_consensus.so  
[1.976s] -- looking for PCL_FILTERS
[1.977s] -- Found PCL_FILTERS: /usr/lib/x86_64-linux-gnu/libpcl_filters.so  
[1.977s] -- looking for PCL_2D
[1.977s] -- Found PCL_2D: /usr/include/pcl-1.10  
[1.977s] -- looking for PCL_GEOMETRY
[1.977s] -- Found PCL_GEOMETRY: /usr/include/pcl-1.10  
[1.977s] -- looking for PCL_IO
[1.978s] -- Found PCL_IO: /usr/lib/x86_64-linux-gnu/libpcl_io.so  
[1.979s] -- looking for PCL_FEATURES
[1.979s] -- Found PCL_FEATURES: /usr/lib/x86_64-linux-gnu/libpcl_features.so  
[1.980s] -- looking for PCL_ML
[1.980s] -- Found PCL_ML: /usr/lib/x86_64-linux-gnu/libpcl_ml.so  
[1.980s] -- looking for PCL_SEGMENTATION
[1.981s] -- Found PCL_SEGMENTATION: /usr/lib/x86_64-linux-gnu/libpcl_segmentation.so  
[1.981s] -- looking for PCL_VISUALIZATION
[1.982s] -- Found PCL_VISUALIZATION: /usr/lib/x86_64-linux-gnu/libpcl_visualization.so  
[1.982s] -- looking for PCL_SURFACE
[1.983s] -- Found PCL_SURFACE: /usr/lib/x86_64-linux-gnu/libpcl_surface.so  
[1.983s] -- looking for PCL_REGISTRATION
[1.984s] -- Found PCL_REGISTRATION: /usr/lib/x86_64-linux-gnu/libpcl_registration.so  
[1.984s] -- looking for PCL_KEYPOINTS
[1.985s] -- Found PCL_KEYPOINTS: /usr/lib/x86_64-linux-gnu/libpcl_keypoints.so  
[1.985s] -- looking for PCL_TRACKING
[1.986s] -- Found PCL_TRACKING: /usr/lib/x86_64-linux-gnu/libpcl_tracking.so  
[1.986s] -- looking for PCL_RECOGNITION
[1.987s] -- Found PCL_RECOGNITION: /usr/lib/x86_64-linux-gnu/libpcl_recognition.so  
[1.987s] -- looking for PCL_STEREO
[1.988s] -- Found PCL_STEREO: /usr/lib/x86_64-linux-gnu/libpcl_stereo.so  
[1.988s] -- looking for PCL_APPS
[1.989s] -- Found PCL_APPS: /usr/lib/x86_64-linux-gnu/libpcl_apps.so  
[1.990s] -- looking for PCL_IN_HAND_SCANNER
[1.990s] -- Found PCL_IN_HAND_SCANNER: /usr/include/pcl-1.10  
[1.990s] -- looking for PCL_POINT_CLOUD_EDITOR
[1.990s] -- Found PCL_POINT_CLOUD_EDITOR: /usr/include/pcl-1.10  
[1.990s] -- looking for PCL_OUTOFCORE
[1.991s] -- Found PCL_OUTOFCORE: /usr/lib/x86_64-linux-gnu/libpcl_outofcore.so  
[1.991s] -- looking for PCL_PEOPLE
[1.992s] -- Found PCL_PEOPLE: /usr/lib/x86_64-linux-gnu/libpcl_people.so  
[1.993s] -- Found PCL: pcl_common;pcl_kdtree;pcl_octree;pcl_search;pcl_sample_consensus;pcl_filters;pcl_io;pcl_features;pcl_ml;pcl_segmentation;pcl_visualization;pcl_surface;pcl_registration;pcl_keypoints;pcl_tracking;pcl_recognition;pcl_stereo;pcl_apps;pcl_outofcore;pcl_people;/usr/lib/x86_64-linux-gnu/libboost_system.so;/usr/lib/x86_64-linux-gnu/libboost_filesystem.so;/usr/lib/x86_64-linux-gnu/libboost_date_time.so;/usr/lib/x86_64-linux-gnu/libboost_iostreams.so;/usr/lib/x86_64-linux-gnu/libboost_regex.so;optimized;/usr/lib/x86_64-linux-gnu/libqhull.so;debug;/usr/lib/x86_64-linux-gnu/libqhull.so;/usr/lib/libOpenNI.so;/usr/lib/libOpenNI2.so;vtkChartsCore;vtkCommonColor;vtkCommonCore;vtksys;vtkCommonDataModel;vtkCommonMath;vtkCommonMisc;vtkCommonSystem;vtkCommonTransforms;vtkCommonExecutionModel;vtkFiltersGeneral;vtkCommonComputationalGeometry;vtkFiltersCore;vtkInfovisCore;vtkFiltersExtraction;vtkFiltersStatistics;vtkImagingFourier;vtkImagingCore;vtkalglib;vtkRenderingContext2D;vtkRenderingCore;vtkFiltersGeometry;vtkFiltersSources;vtkRenderingFreeType;/usr/lib/x86_64-linux-gnu/libfreetype.so;/usr/lib/x86_64-linux-gnu/libz.so;vtkFiltersModeling;vtkImagingSources;vtkInteractionStyle;vtkInteractionWidgets;vtkFiltersHybrid;vtkImagingColor;vtkImagingGeneral;vtkImagingHybrid;vtkIOImage;vtkDICOMParser;vtkmetaio;/usr/lib/x86_64-linux-gnu/libjpeg.so;/usr/lib/x86_64-linux-gnu/libpng.so;/usr/lib/x86_64-linux-gnu/libtiff.so;vtkRenderingAnnotation;vtkRenderingVolume;vtkIOXML;vtkIOCore;vtkIOXMLParser;/usr/lib/x86_64-linux-gnu/libexpat.so;vtkIOGeometry;vtkIOLegacy;vtkIOPLY;vtkRenderingLOD;vtkViewsContext2D;vtkViewsCore;vtkRenderingContextOpenGL2;vtkRenderingOpenGL2;FLANN::FLANN  
[1.997s] -- Found OpenCV: /usr (found version "4.2.0") 
[2.195s] -- Found BLAS: /usr/lib/x86_64-linux-gnu/libblas.so  
[2.329s] -- Found AMD headers in: /usr/include/suitesparse
[2.330s] -- Found AMD library: /usr/lib/x86_64-linux-gnu/libamd.so
[2.331s] -- Found CAMD headers in: /usr/include/suitesparse
[2.332s] -- Found CAMD library: /usr/lib/x86_64-linux-gnu/libcamd.so
[2.332s] -- Found CCOLAMD headers in: /usr/include/suitesparse
[2.333s] -- Found CCOLAMD library: /usr/lib/x86_64-linux-gnu/libccolamd.so
[2.333s] -- Found CHOLMOD headers in: /usr/include/suitesparse
[2.334s] -- Found CHOLMOD library: /usr/lib/x86_64-linux-gnu/libcholmod.so
[2.334s] -- Found COLAMD headers in: /usr/include/suitesparse
[2.335s] -- Found COLAMD library: /usr/lib/x86_64-linux-gnu/libcolamd.so
[2.335s] -- Found SPQR headers in: /usr/include/suitesparse
[2.336s] -- Found SPQR library: /usr/lib/x86_64-linux-gnu/libspqr.so
[2.336s] -- Found Config headers in: /usr/include/suitesparse
[2.337s] -- Found Config library: /usr/lib/x86_64-linux-gnu/libsuitesparseconfig.so
[2.339s] -- Found Intel Thread Building Blocks (TBB) library (2020.1 / 11101) include location: . Assuming SuiteSparseQR was compiled with TBB.
[2.339s] -- Looking for shm_open in rt
[2.395s] -- Looking for shm_open in rt - found
[2.395s] -- Adding librt to SuiteSparse_config libraries (required on Linux & Unix [not OSX] if SuiteSparse is compiled with timing).
[2.400s] -- Could NOT find METIS (missing: METIS_INCLUDE_DIR METIS_LIBRARY) 
[2.401s] -- Found SuiteSparse: /usr/include/suitesparse (found suitable version "5.7.1", minimum required is "5.7.1") found components: AMD CAMD CCOLAMD CHOLMOD COLAMD SPQR Config 
[2.403s] -- Found required Ceres dependency: Eigen version 3.3.9 in /usr/local/share/eigen3/cmake
[2.405s] -- Found required Ceres dependency: glog
[2.408s] -- Found required Ceres dependency: gflags
[2.409s] -- Found Ceres version: 2.2.0 installed in: /usr/local with components: [EigenSparse, SparseLinearAlgebraLibrary, LAPACK, SuiteSparse, SchurSpecializations]
[2.410s] -- Found ament_lint_auto: 0.9.8 (/opt/ros/foxy/share/ament_lint_auto/cmake)
[2.515s] -- Added test 'copyright' to check source files copyright and LICENSE
[2.516s] -- Added test 'cppcheck' to perform static code analysis on C / C++ code
[2.517s] -- Configured cppcheck include dirs: 
[2.517s] -- Configured cppcheck exclude dirs and/or files: 
[2.517s] -- Added test 'cpplint' to check C / C++ code against the Google style
[2.517s] -- Configured cpplint exclude dirs and/or files: 
[2.518s] -- Added test 'lint_cmake' to check CMake code style
[2.518s] -- Added test 'uncrustify' to check C / C++ code style
[2.518s] -- Configured uncrustify additional arguments: 
[2.519s] -- Added test 'xmllint' to check XML markup files
[2.522s] -- Configuring done
[2.576s] -- Generating done
[2.578s] -- Build files have been written to: /home/weiwei/Desktop/project/ObsAvoidance/build/model
[2.592s] Invoked command in '/home/weiwei/Desktop/project/ObsAvoidance/build/model' returned '0': CMAKE_PREFIX_PATH=/home/weiwei/Desktop/project/ObsAvoidance/install/interface:/home/weiwei/Desktop/project/ObsAvoidance/install/orbslam:/home/weiwei/Desktop/project/ObsAvoidance/install/model:/home/weiwei/Desktop/project/ObsAvoidance/install/media:/opt/ros/foxy /usr/bin/cmake /home/weiwei/Desktop/project/ObsAvoidance/src/model -DCMAKE_INSTALL_PREFIX=/home/weiwei/Desktop/project/ObsAvoidance/install/model
[2.594s] Invoking command in '/home/weiwei/Desktop/project/ObsAvoidance/build/model': CMAKE_PREFIX_PATH=/home/weiwei/Desktop/project/ObsAvoidance/install/interface:/home/weiwei/Desktop/project/ObsAvoidance/install/orbslam:/home/weiwei/Desktop/project/ObsAvoidance/install/model:/home/weiwei/Desktop/project/ObsAvoidance/install/media:/opt/ros/foxy /usr/bin/cmake --build /home/weiwei/Desktop/project/ObsAvoidance/build/model -- -j16 -l16
[2.626s] [35m[1mScanning dependencies of target model[0m
[2.720s] [ 50%] [32mBuilding CXX object CMakeFiles/model.dir/src/main.cpp.o[0m
[14.174s] [100%] [32m[1mLinking CXX executable model[0m
[14.803s] /usr/bin/ld: CMakeFiles/model.dir/src/main.cpp.o: in function `void __gnu_cxx::new_allocator<ModelNode>::construct<ModelNode>(ModelNode*)':
[14.803s] main.cpp:(.text._ZN9__gnu_cxx13new_allocatorI9ModelNodeE9constructIS1_JEEEvPT_DpOT0_[_ZN9__gnu_cxx13new_allocatorI9ModelNodeE9constructIS1_JEEEvPT_DpOT0_]+0x31): undefined reference to `ModelNode::ModelNode()'
[14.804s] collect2: error: ld returned 1 exit status
[14.806s] make[2]: *** [CMakeFiles/model.dir/build.make:341ï¼šmodel] é”™è¯¯ 1
[14.806s] make[1]: *** [CMakeFiles/Makefile2:105ï¼šCMakeFiles/model.dir/all] é”™è¯¯ 2
[14.806s] make: *** [Makefile:141ï¼šall] é”™è¯¯ 2
[14.809s] Invoked command in '/home/weiwei/Desktop/project/ObsAvoidance/build/model' returned '2': CMAKE_PREFIX_PATH=/home/weiwei/Desktop/project/ObsAvoidance/install/interface:/home/weiwei/Desktop/project/ObsAvoidance/install/orbslam:/home/weiwei/Desktop/project/ObsAvoidance/install/model:/home/weiwei/Desktop/project/ObsAvoidance/install/media:/opt/ros/foxy /usr/bin/cmake --build /home/weiwei/Desktop/project/ObsAvoidance/build/model -- -j16 -l16
