[0.082s] Invoking command in '/home/weiwei/Desktop/project/ObsAvoidance/build/path_planner': AMENT_PREFIX_PATH=/home/weiwei/Desktop/project/ObsAvoidance/install/interface:${AMENT_PREFIX_PATH} CMAKE_PREFIX_PATH=/home/weiwei/Desktop/project/ObsAvoidance/install/interface:/opt/ros/foxy LD_LIBRARY_PATH=/home/weiwei/Desktop/project/ObsAvoidance/install/interface/lib:${LD_LIBRARY_PATH} PYTHONPATH=/home/weiwei/Desktop/project/ObsAvoidance/install/interface/lib/python3.8/site-packages:${PYTHONPATH} /usr/bin/cmake --build /home/weiwei/Desktop/project/ObsAvoidance/build/path_planner -- -j16 -l16
[0.100s] -- Found ament_cmake: 0.9.12 (/opt/ros/foxy/share/ament_cmake/cmake)
[0.114s] -- Using PYTHON_EXECUTABLE: /usr/bin/python3
[0.223s] -- Found rclcpp: 2.4.3 (/opt/ros/foxy/share/rclcpp/cmake)
[0.247s] -- Using all available rosidl_typesupport_c: rosidl_typesupport_fastrtps_c;rosidl_typesupport_introspection_c
[0.249s] -- Found rosidl_adapter: 1.3.1 (/opt/ros/foxy/share/rosidl_adapter/cmake)
[0.334s] -- Using all available rosidl_typesupport_cpp: rosidl_typesupport_fastrtps_cpp;rosidl_typesupport_introspection_cpp
[0.365s] -- Found rmw_implementation_cmake: 1.0.4 (/opt/ros/foxy/share/rmw_implementation_cmake/cmake)
[0.365s] -- Using RMW implementation 'rmw_fastrtps_cpp' as default
[0.451s] -- Found interface: 0.0.0 (/home/weiwei/Desktop/project/ObsAvoidance/install/interface/share/interface/cmake)
[0.594s] -- Found cv_bridge: 3.0.7 (/opt/ros/foxy/share/cv_bridge/cmake)
[0.610s] -- Found pcl_conversions: 2.2.1 (/opt/ros/foxy/share/pcl_conversions/cmake)
[0.710s] -- Found octomap_msgs: 2.0.0 (/opt/ros/foxy/share/octomap_msgs/cmake)
[0.757s] -- Eigen found (include: /usr/include/eigen3, version: 3.3.7)
[0.810s] -- The imported target "vtkParseOGLExt" references the file
[0.810s]    "/usr/bin/vtkParseOGLExt-7.1"
[0.810s] but this file does not exist.  Possible reasons include:
[0.810s] * The file was deleted, renamed, or moved to another location.
[0.810s] * An install or uninstall procedure did not complete successfully.
[0.810s] * The installation package was faulty and contained
[0.810s]    "/usr/lib/cmake/vtk-7.1/VTKTargets.cmake"
[0.810s] but not all the files it references.
[0.810s] 
[0.810s] -- The imported target "vtkRenderingPythonTkWidgets" references the file
[0.811s]    "/usr/lib/x86_64-linux-gnu/libvtkRenderingPythonTkWidgets.so"
[0.811s] but this file does not exist.  Possible reasons include:
[0.811s] * The file was deleted, renamed, or moved to another location.
[0.811s] * An install or uninstall procedure did not complete successfully.
[0.811s] * The installation package was faulty and contained
[0.811s]    "/usr/lib/cmake/vtk-7.1/VTKTargets.cmake"
[0.811s] but not all the files it references.
[0.811s] 
[0.811s] -- The imported target "vtk" references the file
[0.811s]    "/usr/bin/vtk"
[0.811s] but this file does not exist.  Possible reasons include:
[0.811s] * The file was deleted, renamed, or moved to another location.
[0.811s] * An install or uninstall procedure did not complete successfully.
[0.811s] * The installation package was faulty and contained
[0.811s]    "/usr/lib/cmake/vtk-7.1/VTKTargets.cmake"
[0.811s] but not all the files it references.
[0.811s] 
[0.811s] -- The imported target "pvtk" references the file
[0.811s]    "/usr/bin/pvtk"
[0.811s] but this file does not exist.  Possible reasons include:
[0.811s] * The file was deleted, renamed, or moved to another location.
[0.812s] * An install or uninstall procedure did not complete successfully.
[0.812s] * The installation package was faulty and contained
[0.812s]    "/usr/lib/cmake/vtk-7.1/VTKTargets.cmake"
[0.812s] but not all the files it references.
[0.812s] 
[0.824s] -- OpenNI found (include: /usr/include/ni, lib: /usr/lib/libOpenNI.so)
[0.828s] -- OpenNI2 found (include: /usr/include/openni2, lib: /usr/lib/libOpenNI2.so)
[0.828s] ** WARNING ** io features related to pcap will be disabled
[0.828s] ** WARNING ** io features related to png will be disabled
[0.836s] ** WARNING ** io features related to libusb-1.0 will be disabled
[0.839s] -- OpenNI found (include: /usr/include/ni, lib: /usr/lib/libOpenNI.so)
[0.843s] -- OpenNI2 found (include: /usr/include/openni2, lib: /usr/lib/libOpenNI2.so)
[0.851s] -- QHULL found (include: /usr/include, lib: optimized;/usr/lib/x86_64-linux-gnu/libqhull.so;debug;/usr/lib/x86_64-linux-gnu/libqhull.so)
[0.854s] -- OpenNI found (include: /usr/include/ni, lib: /usr/lib/libOpenNI.so)
[0.861s] -- looking for PCL_COMMON
[0.862s] -- looking for PCL_KDTREE
[0.862s] -- looking for PCL_OCTREE
[0.862s] -- looking for PCL_SEARCH
[0.863s] -- looking for PCL_SAMPLE_CONSENSUS
[0.863s] -- looking for PCL_FILTERS
[0.863s] -- looking for PCL_2D
[0.863s] -- looking for PCL_GEOMETRY
[0.864s] -- looking for PCL_IO
[0.864s] -- looking for PCL_FEATURES
[0.865s] -- looking for PCL_ML
[0.865s] -- looking for PCL_SEGMENTATION
[0.865s] -- looking for PCL_VISUALIZATION
[0.866s] -- looking for PCL_SURFACE
[0.866s] -- looking for PCL_REGISTRATION
[0.866s] -- looking for PCL_KEYPOINTS
[0.867s] -- looking for PCL_TRACKING
[0.867s] -- looking for PCL_RECOGNITION
[0.868s] -- looking for PCL_STEREO
[0.868s] -- looking for PCL_APPS
[0.869s] -- looking for PCL_IN_HAND_SCANNER
[0.869s] -- looking for PCL_POINT_CLOUD_EDITOR
[0.869s] -- looking for PCL_OUTOFCORE
[0.869s] -- looking for PCL_PEOPLE
[0.942s] -- Found AMD headers in: /usr/include/suitesparse
[0.942s] -- Found AMD library: /usr/lib/x86_64-linux-gnu/libamd.so
[0.942s] -- Found CAMD headers in: /usr/include/suitesparse
[0.942s] -- Found CAMD library: /usr/lib/x86_64-linux-gnu/libcamd.so
[0.942s] -- Found CCOLAMD headers in: /usr/include/suitesparse
[0.942s] -- Found CCOLAMD library: /usr/lib/x86_64-linux-gnu/libccolamd.so
[0.942s] -- Found CHOLMOD headers in: /usr/include/suitesparse
[0.942s] -- Found CHOLMOD library: /usr/lib/x86_64-linux-gnu/libcholmod.so
[0.942s] -- Found COLAMD headers in: /usr/include/suitesparse
[0.942s] -- Found COLAMD library: /usr/lib/x86_64-linux-gnu/libcolamd.so
[0.942s] -- Found SPQR headers in: /usr/include/suitesparse
[0.942s] -- Found SPQR library: /usr/lib/x86_64-linux-gnu/libspqr.so
[0.943s] -- Found Config headers in: /usr/include/suitesparse
[0.943s] -- Found Config library: /usr/lib/x86_64-linux-gnu/libsuitesparseconfig.so
[0.943s] -- Found Intel Thread Building Blocks (TBB) library (2020.1 / 11101) include location: . Assuming SuiteSparseQR was compiled with TBB.
[0.943s] -- Adding librt to SuiteSparse_config libraries (required on Linux & Unix [not OSX] if SuiteSparse is compiled with timing).
[0.945s] -- Could NOT find METIS (missing: METIS_INCLUDE_DIR METIS_LIBRARY) 
[0.948s] -- Found required Ceres dependency: Eigen version 3.3.9 in /usr/local/share/eigen3/cmake
[0.948s] -- Found required Ceres dependency: glog
[0.949s] -- Found required Ceres dependency: gflags
[0.950s] -- Found Ceres version: 2.2.0 installed in: /usr/local with components: [EigenSparse, SparseLinearAlgebraLibrary, LAPACK, SuiteSparse, SchurSpecializations]
[0.950s] -- Found ament_lint_auto: 0.9.8 (/opt/ros/foxy/share/ament_lint_auto/cmake)
[1.032s] -- Added test 'copyright' to check source files copyright and LICENSE
[1.032s] -- Added test 'cppcheck' to perform static code analysis on C / C++ code
[1.033s] -- Configured cppcheck include dirs: 
[1.033s] -- Configured cppcheck exclude dirs and/or files: 
[1.033s] -- Added test 'cpplint' to check C / C++ code against the Google style
[1.033s] -- Configured cpplint exclude dirs and/or files: 
[1.033s] -- Added test 'lint_cmake' to check CMake code style
[1.034s] -- Added test 'uncrustify' to check C / C++ code style
[1.034s] -- Configured uncrustify additional arguments: 
[1.034s] -- Added test 'xmllint' to check XML markup files
[1.036s] -- Configuring done
[1.055s] -- Generating done
[1.056s] -- Build files have been written to: /home/weiwei/Desktop/project/ObsAvoidance/build/path_planner
[1.093s] [ 33%] [32mBuilding CXX object CMakeFiles/path_planner.dir/src/planner.cpp.o[0m
[1.094s] [ 66%] [32mBuilding CXX object CMakeFiles/path_planner.dir/src/main.cpp.o[0m
[4.935s] In file included from [01m[K/usr/local/include/ceres/ceres.h:46[m[K,
[4.935s]                  from [01m[K/home/weiwei/Desktop/project/ObsAvoidance/src/path_planner/src/planner.hpp:12[m[K,
[4.935s]                  from [01m[K/home/weiwei/Desktop/project/ObsAvoidance/src/path_planner/src/planner.cpp:1[m[K:
[4.935s] [01m[K/usr/local/include/ceres/dynamic_autodiff_cost_function.h:280:48:[m[K [01;31m[Kerror: [m[Kexpected constructor, destructor, or type conversion before â€˜[01m[K;[m[Kâ€™ token
[4.935s]   280 |     -> DynamicAutoDiffCostFunction<CostFunctor>[01;31m[K;[m[K
[4.935s]       |                                                [01;31m[K^[m[K
[4.935s] In file included from [01m[K/usr/local/include/ceres/ceres.h:46[m[K,
[4.935s]                  from [01m[K/home/weiwei/Desktop/project/ObsAvoidance/src/path_planner/src/planner.hpp:12[m[K,
[4.935s]                  from [01m[K/home/weiwei/Desktop/project/ObsAvoidance/src/path_planner/src/main.cpp:1[m[K:
[4.935s] [01m[K/usr/local/include/ceres/dynamic_autodiff_cost_function.h:280:48:[m[K [01;31m[Kerror: [m[Kexpected constructor, destructor, or type conversion before â€˜[01m[K;[m[Kâ€™ token
[4.935s]   280 |     -> DynamicAutoDiffCostFunction<CostFunctor>[01;31m[K;[m[K
[4.935s]       |                                                [01;31m[K^[m[K
[4.985s] In file included from [01m[K/usr/local/include/ceres/ceres.h:65[m[K,
[4.985s]                  from [01m[K/home/weiwei/Desktop/project/ObsAvoidance/src/path_planner/src/planner.hpp:12[m[K,
[4.985s]                  from [01m[K/home/weiwei/Desktop/project/ObsAvoidance/src/path_planner/src/planner.cpp:1[m[K:
[4.985s] [01m[K/usr/local/include/ceres/product_manifold.h:315:59:[m[K [01;31m[Kerror: [m[Kexpected constructor, destructor, or type conversion before â€˜[01m[K;[m[Kâ€™ token
[4.985s]   315 |     -> ProductManifold<Manifold0, Manifold1, Manifolds...>[01;31m[K;[m[K
[4.985s]       |                                                           [01;31m[K^[m[K
[4.985s] In file included from [01m[K/usr/local/include/ceres/ceres.h:65[m[K,
[4.985s]                  from [01m[K/home/weiwei/Desktop/project/ObsAvoidance/src/path_planner/src/planner.hpp:12[m[K,
[4.985s]                  from [01m[K/home/weiwei/Desktop/project/ObsAvoidance/src/path_planner/src/main.cpp:1[m[K:
[4.985s] [01m[K/usr/local/include/ceres/product_manifold.h:315:59:[m[K [01;31m[Kerror: [m[Kexpected constructor, destructor, or type conversion before â€˜[01m[K;[m[Kâ€™ token
[4.985s]   315 |     -> ProductManifold<Manifold0, Manifold1, Manifolds...>[01;31m[K;[m[K
[4.985s]       |                                                           [01;31m[K^[m[K
[7.912s] make[2]: *** [CMakeFiles/path_planner.dir/build.make:76ï¼šCMakeFiles/path_planner.dir/src/main.cpp.o] é”™è¯¯ 1
[7.912s] make[2]: *** æ­£åœ¨ç­‰å¾…æœªå®Œæˆçš„ä»»åŠ¡....
[8.667s] make[2]: *** [CMakeFiles/path_planner.dir/build.make:63ï¼šCMakeFiles/path_planner.dir/src/planner.cpp.o] é”™è¯¯ 1
[8.667s] make[1]: *** [CMakeFiles/Makefile2:105ï¼šCMakeFiles/path_planner.dir/all] é”™è¯¯ 2
[8.667s] make: *** [Makefile:141ï¼šall] é”™è¯¯ 2
[8.669s] Invoked command in '/home/weiwei/Desktop/project/ObsAvoidance/build/path_planner' returned '2': AMENT_PREFIX_PATH=/home/weiwei/Desktop/project/ObsAvoidance/install/interface:${AMENT_PREFIX_PATH} CMAKE_PREFIX_PATH=/home/weiwei/Desktop/project/ObsAvoidance/install/interface:/opt/ros/foxy LD_LIBRARY_PATH=/home/weiwei/Desktop/project/ObsAvoidance/install/interface/lib:${LD_LIBRARY_PATH} PYTHONPATH=/home/weiwei/Desktop/project/ObsAvoidance/install/interface/lib/python3.8/site-packages:${PYTHONPATH} /usr/bin/cmake --build /home/weiwei/Desktop/project/ObsAvoidance/build/path_planner -- -j16 -l16
