[0.220s] Invoking command in '/home/weiwei/Desktop/project/ObsAvoidance/build/model': CMAKE_PREFIX_PATH=/home/weiwei/Desktop/project/ObsAvoidance/install/interface:/home/weiwei/Desktop/project/ObsAvoidance/install/orbslam:/home/weiwei/Desktop/project/ObsAvoidance/install/model:/home/weiwei/Desktop/project/ObsAvoidance/install/media:/opt/ros/foxy /usr/bin/cmake --build /home/weiwei/Desktop/project/ObsAvoidance/build/model -- -j16 -l16
[0.242s] -- Found ament_cmake: 0.9.12 (/opt/ros/foxy/share/ament_cmake/cmake)
[0.259s] -- Using PYTHON_EXECUTABLE: /usr/bin/python3
[0.391s] -- Found rclcpp: 2.4.3 (/opt/ros/foxy/share/rclcpp/cmake)
[0.424s] -- Using all available rosidl_typesupport_c: rosidl_typesupport_fastrtps_c;rosidl_typesupport_introspection_c
[0.427s] -- Found rosidl_adapter: 1.3.1 (/opt/ros/foxy/share/rosidl_adapter/cmake)
[0.527s] -- Using all available rosidl_typesupport_cpp: rosidl_typesupport_fastrtps_cpp;rosidl_typesupport_introspection_cpp
[0.566s] -- Found rmw_implementation_cmake: 1.0.4 (/opt/ros/foxy/share/rmw_implementation_cmake/cmake)
[0.567s] -- Using RMW implementation 'rmw_fastrtps_cpp' as default
[0.671s] -- Found interface: 0.0.0 (/home/weiwei/Desktop/project/ObsAvoidance/install/interface/share/interface/cmake)
[0.829s] -- Found cv_bridge: 3.0.7 (/opt/ros/foxy/share/cv_bridge/cmake)
[0.846s] -- Found pcl_conversions: 2.2.1 (/opt/ros/foxy/share/pcl_conversions/cmake)
[0.957s] -- Found octomap_msgs: 2.0.0 (/opt/ros/foxy/share/octomap_msgs/cmake)
[1.010s] -- Eigen found (include: /usr/include/eigen3, version: 3.3.7)
[1.073s] -- The imported target "vtkParseOGLExt" references the file
[1.073s]    "/usr/bin/vtkParseOGLExt-7.1"
[1.073s] but this file does not exist.  Possible reasons include:
[1.073s] * The file was deleted, renamed, or moved to another location.
[1.073s] * An install or uninstall procedure did not complete successfully.
[1.073s] * The installation package was faulty and contained
[1.074s]    "/usr/lib/cmake/vtk-7.1/VTKTargets.cmake"
[1.074s] but not all the files it references.
[1.074s] 
[1.074s] -- The imported target "vtkRenderingPythonTkWidgets" references the file
[1.074s]    "/usr/lib/x86_64-linux-gnu/libvtkRenderingPythonTkWidgets.so"
[1.074s] but this file does not exist.  Possible reasons include:
[1.074s] * The file was deleted, renamed, or moved to another location.
[1.074s] * An install or uninstall procedure did not complete successfully.
[1.074s] * The installation package was faulty and contained
[1.074s]    "/usr/lib/cmake/vtk-7.1/VTKTargets.cmake"
[1.074s] but not all the files it references.
[1.074s] 
[1.075s] -- The imported target "vtk" references the file
[1.075s]    "/usr/bin/vtk"
[1.075s] but this file does not exist.  Possible reasons include:
[1.075s] * The file was deleted, renamed, or moved to another location.
[1.075s] * An install or uninstall procedure did not complete successfully.
[1.075s] * The installation package was faulty and contained
[1.075s]    "/usr/lib/cmake/vtk-7.1/VTKTargets.cmake"
[1.075s] but not all the files it references.
[1.075s] 
[1.075s] -- The imported target "pvtk" references the file
[1.075s]    "/usr/bin/pvtk"
[1.075s] but this file does not exist.  Possible reasons include:
[1.075s] * The file was deleted, renamed, or moved to another location.
[1.075s] * An install or uninstall procedure did not complete successfully.
[1.075s] * The installation package was faulty and contained
[1.075s]    "/usr/lib/cmake/vtk-7.1/VTKTargets.cmake"
[1.076s] but not all the files it references.
[1.076s] 
[1.095s] -- OpenNI found (include: /usr/include/ni, lib: /usr/lib/libOpenNI.so)
[1.100s] -- OpenNI2 found (include: /usr/include/openni2, lib: /usr/lib/libOpenNI2.so)
[1.100s] ** WARNING ** io features related to pcap will be disabled
[1.100s] ** WARNING ** io features related to png will be disabled
[1.108s] ** WARNING ** io features related to libusb-1.0 will be disabled
[1.113s] -- OpenNI found (include: /usr/include/ni, lib: /usr/lib/libOpenNI.so)
[1.118s] -- OpenNI2 found (include: /usr/include/openni2, lib: /usr/lib/libOpenNI2.so)
[1.127s] -- QHULL found (include: /usr/include, lib: optimized;/usr/lib/x86_64-linux-gnu/libqhull.so;debug;/usr/lib/x86_64-linux-gnu/libqhull.so)
[1.131s] -- OpenNI found (include: /usr/include/ni, lib: /usr/lib/libOpenNI.so)
[1.139s] -- looking for PCL_COMMON
[1.139s] -- looking for PCL_KDTREE
[1.139s] -- looking for PCL_OCTREE
[1.140s] -- looking for PCL_SEARCH
[1.140s] -- looking for PCL_SAMPLE_CONSENSUS
[1.140s] -- looking for PCL_FILTERS
[1.141s] -- looking for PCL_2D
[1.141s] -- looking for PCL_GEOMETRY
[1.141s] -- looking for PCL_IO
[1.142s] -- looking for PCL_FEATURES
[1.142s] -- looking for PCL_ML
[1.142s] -- looking for PCL_SEGMENTATION
[1.143s] -- looking for PCL_VISUALIZATION
[1.143s] -- looking for PCL_SURFACE
[1.144s] -- looking for PCL_REGISTRATION
[1.144s] -- looking for PCL_KEYPOINTS
[1.145s] -- looking for PCL_TRACKING
[1.145s] -- looking for PCL_RECOGNITION
[1.146s] -- looking for PCL_STEREO
[1.146s] -- looking for PCL_APPS
[1.147s] -- looking for PCL_IN_HAND_SCANNER
[1.147s] -- looking for PCL_POINT_CLOUD_EDITOR
[1.147s] -- looking for PCL_OUTOFCORE
[1.147s] -- looking for PCL_PEOPLE
[1.229s] -- Found AMD headers in: /usr/include/suitesparse
[1.229s] -- Found AMD library: /usr/lib/x86_64-linux-gnu/libamd.so
[1.229s] -- Found CAMD headers in: /usr/include/suitesparse
[1.229s] -- Found CAMD library: /usr/lib/x86_64-linux-gnu/libcamd.so
[1.230s] -- Found CCOLAMD headers in: /usr/include/suitesparse
[1.230s] -- Found CCOLAMD library: /usr/lib/x86_64-linux-gnu/libccolamd.so
[1.230s] -- Found CHOLMOD headers in: /usr/include/suitesparse
[1.230s] -- Found CHOLMOD library: /usr/lib/x86_64-linux-gnu/libcholmod.so
[1.230s] -- Found COLAMD headers in: /usr/include/suitesparse
[1.230s] -- Found COLAMD library: /usr/lib/x86_64-linux-gnu/libcolamd.so
[1.230s] -- Found SPQR headers in: /usr/include/suitesparse
[1.230s] -- Found SPQR library: /usr/lib/x86_64-linux-gnu/libspqr.so
[1.230s] -- Found Config headers in: /usr/include/suitesparse
[1.230s] -- Found Config library: /usr/lib/x86_64-linux-gnu/libsuitesparseconfig.so
[1.231s] -- Found Intel Thread Building Blocks (TBB) library (2020.1 / 11101) include location: . Assuming SuiteSparseQR was compiled with TBB.
[1.231s] -- Adding librt to SuiteSparse_config libraries (required on Linux & Unix [not OSX] if SuiteSparse is compiled with timing).
[1.235s] -- Could NOT find METIS (missing: METIS_INCLUDE_DIR METIS_LIBRARY) 
[1.237s] -- Found required Ceres dependency: Eigen version 3.3.9 in /usr/local/share/eigen3/cmake
[1.238s] -- Found required Ceres dependency: glog
[1.240s] -- Found required Ceres dependency: gflags
[1.241s] -- Found Ceres version: 2.2.0 installed in: /usr/local with components: [EigenSparse, SparseLinearAlgebraLibrary, LAPACK, SuiteSparse, SchurSpecializations]
[1.241s] -- Found ament_lint_auto: 0.9.8 (/opt/ros/foxy/share/ament_lint_auto/cmake)
[1.320s] -- Added test 'copyright' to check source files copyright and LICENSE
[1.321s] -- Added test 'cppcheck' to perform static code analysis on C / C++ code
[1.321s] -- Configured cppcheck include dirs: 
[1.321s] -- Configured cppcheck exclude dirs and/or files: 
[1.322s] -- Added test 'cpplint' to check C / C++ code against the Google style
[1.322s] -- Configured cpplint exclude dirs and/or files: 
[1.322s] -- Added test 'lint_cmake' to check CMake code style
[1.323s] -- Added test 'uncrustify' to check C / C++ code style
[1.323s] -- Configured uncrustify additional arguments: 
[1.323s] -- Added test 'xmllint' to check XML markup files
[1.325s] -- Configuring done
[1.369s] -- Generating done
[1.370s] -- Build files have been written to: /home/weiwei/Desktop/project/ObsAvoidance/build/model
[1.394s] [35m[1mScanning dependencies of target model[0m
[1.445s] [ 33%] [32mBuilding CXX object CMakeFiles/model.dir/src/model.cpp.o[0m
[7.445s] [01m[K/home/weiwei/Desktop/project/ObsAvoidance/src/model/src/model.cpp:[m[K In member function â€˜[01m[Kbool ModelNode::Model()[m[Kâ€™:
[7.445s] [01m[K/home/weiwei/Desktop/project/ObsAvoidance/src/model/src/model.cpp:256:19:[m[K [01;35m[Kwarning: [m[Kcomparison of integer expressions of different signedness: â€˜[01m[Kint[m[Kâ€™ and â€˜[01m[Kstd::vector<cv::Vec<int, 4> >::size_type[m[Kâ€™ {aka â€˜[01m[Klong unsigned int[m[Kâ€™} [[01;35m[K-Wsign-compare[m[K]
[7.445s]   256 |     for (int i=0;[01;35m[Ki<tempLines.size()[m[K;i++)
[7.445s]       |                  [01;35m[K~^~~~~~~~~~~~~~~~~[m[K
[7.445s] [01m[K/home/weiwei/Desktop/project/ObsAvoidance/src/model/src/model.cpp:260:45:[m[K [01;35m[Kwarning: [m[Kcomparison of constant â€˜[01m[K255[m[Kâ€™ with boolean expression is always true [[01;35m[K-Wbool-compare[m[K]
[7.445s]   260 |         if ([01;35m[Kmask_dilate.at<bool>(x1_i, y1_i)!=255[m[K || mask_dilate.at<bool>(x2_i, y2_i)!=255)
[7.445s]       |             [01;35m[K~~~~~~~~~~~~~~~~~~~~~~~~~~~~~~~~^~~~~[m[K
[7.445s] [01m[K/home/weiwei/Desktop/project/ObsAvoidance/src/model/src/model.cpp:260:86:[m[K [01;35m[Kwarning: [m[Kcomparison of constant â€˜[01m[K255[m[Kâ€™ with boolean expression is always true [[01;35m[K-Wbool-compare[m[K]
[7.445s]   260 |         if (mask_dilate.at<bool>(x1_i, y1_i)!=255 || [01;35m[Kmask_dilate.at<bool>(x2_i, y2_i)!=255[m[K)
[7.445s]       |                                                      [01;35m[K~~~~~~~~~~~~~~~~~~~~~~~~~~~~~~~~^~~~~[m[K
[7.452s] [01m[K/home/weiwei/Desktop/project/ObsAvoidance/src/model/src/model.cpp:274:69:[m[K [01;35m[Kwarning: [m[Kcomparison of constant â€˜[01m[K255[m[Kâ€™ with boolean expression is always false [[01;35m[K-Wbool-compare[m[K]
[7.452s]   274 |         if ([01;35m[Kmask.at<bool>((int)flag_point.x(), (int)flag_point.y()) == 255[m[K)
[7.452s]       |             [01;35m[K~~~~~~~~~~~~~~~~~~~~~~~~~~~~~~~~~~~~~~~~~~~~~~~~~~~~~~~~^~~~~~[m[K
[7.462s] [01m[K/home/weiwei/Desktop/project/ObsAvoidance/src/model/src/model.cpp:326:20:[m[K [01;35m[Kwarning: [m[Kcomparison of integer expressions of different signedness: â€˜[01m[Kint[m[Kâ€™ and â€˜[01m[Kstd::vector<cv::Vec<float, 3> >::size_type[m[Kâ€™ {aka â€˜[01m[Klong unsigned int[m[Kâ€™} [[01;35m[K-Wsign-compare[m[K]
[7.463s]   326 |     if ([01;35m[KtempSizeSum!=circles_.size()*4[m[K||tempSizeSum!=vecs_norm.size()*4||tempSizeSum!=vecs_direction.size()*4||tempSizeSum!=transforms_curToInit.size()*4)
[7.463s]       |         [01;35m[K~~~~~~~~~~~^~~~~~~~~~~~~~~~~~~[m[K
[7.463s] [01m[K/home/weiwei/Desktop/project/ObsAvoidance/src/model/src/model.cpp:326:52:[m[K [01;35m[Kwarning: [m[Kcomparison of integer expressions of different signedness: â€˜[01m[Kint[m[Kâ€™ and â€˜[01m[Kstd::vector<Eigen::Matrix<double, 3, 1> >::size_type[m[Kâ€™ {aka â€˜[01m[Klong unsigned int[m[Kâ€™} [[01;35m[K-Wsign-compare[m[K]
[7.463s]   326 |     if (tempSizeSum!=circles_.size()*4||[01;35m[KtempSizeSum!=vecs_norm.size()*4[m[K||tempSizeSum!=vecs_direction.size()*4||tempSizeSum!=transforms_curToInit.size()*4)
[7.463s]       |                                         [01;35m[K~~~~~~~~~~~^~~~~~~~~~~~~~~~~~~~[m[K
[7.463s] [01m[K/home/weiwei/Desktop/project/ObsAvoidance/src/model/src/model.cpp:326:85:[m[K [01;35m[Kwarning: [m[Kcomparison of integer expressions of different signedness: â€˜[01m[Kint[m[Kâ€™ and â€˜[01m[Kstd::vector<Eigen::Matrix<double, 3, 1> >::size_type[m[Kâ€™ {aka â€˜[01m[Klong unsigned int[m[Kâ€™} [[01;35m[K-Wsign-compare[m[K]
[7.463s]   326 |     if (tempSizeSum!=circles_.size()*4||tempSizeSum!=vecs_norm.size()*4||[01;35m[KtempSizeSum!=vecs_direction.size()*4[m[K||tempSizeSum!=transforms_curToInit.size()*4)
[7.463s]       |                                                                          [01;35m[K~~~~~~~~~~~^~~~~~~~~~~~~~~~~~~~~~~~~[m[K
[7.463s] [01m[K/home/weiwei/Desktop/project/ObsAvoidance/src/model/src/model.cpp:326:123:[m[K [01;35m[Kwarning: [m[Kcomparison of integer expressions of different signedness: â€˜[01m[Kint[m[Kâ€™ and â€˜[01m[Kstd::vector<Eigen::Matrix<double, 4, 4> >::size_type[m[Kâ€™ {aka â€˜[01m[Klong unsigned int[m[Kâ€™} [[01;35m[K-Wsign-compare[m[K]
[7.463s]   326 |     if (tempSizeSum!=circles_.size()*4||tempSizeSum!=vecs_norm.size()*4||tempSizeSum!=vecs_direction.size()*4||[01;35m[KtempSizeSum!=transforms_curToInit.size()*4[m[K)
[7.463s]       |                                                                                                                [01;35m[K~~~~~~~~~~~^~~~~~~~~~~~~~~~~~~~~~~~~~~~~~~[m[K
[7.463s] [01m[K/home/weiwei/Desktop/project/ObsAvoidance/src/model/src/model.cpp:331:25:[m[K [01;35m[Kwarning: [m[Kcomparison of integer expressions of different signedness: â€˜[01m[Kstd::vector<cv::Vec<float, 3> >::size_type[m[Kâ€™ {aka â€˜[01m[Klong unsigned int[m[Kâ€™} and â€˜[01m[Kint[m[Kâ€™ [[01;35m[K-Wsign-compare[m[K]
[7.463s]   331 |     if ([01;35m[Kcircles_.size() < circle_size_thresh[m[K)
[7.463s]       |         [01;35m[K~~~~~~~~~~~~~~~~^~~~~~~~~~~~~~~~~~~~[m[K
[7.463s] [01m[K/home/weiwei/Desktop/project/ObsAvoidance/src/model/src/model.cpp:336:19:[m[K [01;35m[Kwarning: [m[Kcomparison of integer expressions of different signedness: â€˜[01m[Kint[m[Kâ€™ and â€˜[01m[Kstd::vector<cv::Vec<float, 3> >::size_type[m[Kâ€™ {aka â€˜[01m[Klong unsigned int[m[Kâ€™} [[01;35m[K-Wsign-compare[m[K]
[7.463s]   336 |     for (int i=0;[01;35m[Ki<circles_.size()[m[K;i++)
[7.463s]       |                  [01;35m[K~^~~~~~~~~~~~~~~~[m[K
[7.480s] [01m[K/home/weiwei/Desktop/project/ObsAvoidance/src/model/src/model.cpp:347:37:[m[K [01;35m[Kwarning: [m[Kcomparison of integer expressions of different signedness: â€˜[01m[Kstd::vector<Eigen::Matrix<double, 3, 1> >::size_type[m[Kâ€™ {aka â€˜[01m[Klong unsigned int[m[Kâ€™} and â€˜[01m[Kint[m[Kâ€™ [[01;35m[K-Wsign-compare[m[K]
[7.480s]   347 |     if ([01;35m[Kglobal_centrePostions.size()<modelThresh[m[K)
[7.480s]       |         [01;35m[K~~~~~~~~~~~~~~~~~~~~~~~~~~~~^~~~~~~~~~~~[m[K
[7.488s] [01m[K/home/weiwei/Desktop/project/ObsAvoidance/src/model/src/model.cpp:[m[K In member function â€˜[01m[Kvoid ModelNode::ransacModelParam()[m[Kâ€™:
[7.488s] [01m[K/home/weiwei/Desktop/project/ObsAvoidance/src/model/src/model.cpp:424:18:[m[K [01;35m[Kwarning: [m[Kcomparison of integer expressions of different signedness: â€˜[01m[Kint[m[Kâ€™ and â€˜[01m[Kstd::vector<Eigen::Matrix<double, 3, 1> >::size_type[m[Kâ€™ {aka â€˜[01m[Klong unsigned int[m[Kâ€™} [[01;35m[K-Wsign-compare[m[K]
[7.488s]   424 |     for(int n=0;[01;35m[Kn<global_vecs_direction.size()[m[K;n++) {
[7.488s]       |                 [01;35m[K~^~~~~~~~~~~~~~~~~~~~~~~~~~~~~[m[K
[7.529s] [01m[K/home/weiwei/Desktop/project/ObsAvoidance/src/model/src/model.cpp:[m[K In member function â€˜[01m[Kbool ModelNode::detectPoseCorrect(Eigen::Vector4d&, cv::Vec3f, cv::Mat&)[m[Kâ€™:
[7.529s] [01m[K/home/weiwei/Desktop/project/ObsAvoidance/src/model/src/model.cpp:544:67:[m[K [01;35m[Kwarning: [m[Kcomparison of constant â€˜[01m[K255[m[Kâ€™ with boolean expression is always true [[01;35m[K-Wbool-compare[m[K]
[7.529s]   544 |     if ([01;35m[Kimg_dilate.at<bool>((int)pixelPoint.x, (int)pixelPoint.y) != 255[m[K)
[7.529s]       |         [01;35m[K~~~~~~~~~~~~~~~~~~~~~~~~~~~~~~~~~~~~~~~~~~~~~~~~~~~~~~~~~~^~~~~~[m[K
[8.548s] In file included from [01m[K/usr/local/include/eigen3/Eigen/Core:366[m[K,
[8.548s]                  from [01m[K/usr/include/pcl-1.10/pcl/pcl_macros.h:75[m[K,
[8.548s]                  from [01m[K/usr/include/pcl-1.10/pcl/PCLPointField.h:10[m[K,
[8.548s]                  from [01m[K/usr/include/pcl-1.10/pcl/conversions.h:46[m[K,
[8.548s]                  from [01m[K/opt/ros/foxy/include/pcl_conversions/pcl_conversions.h:46[m[K,
[8.548s]                  from [01m[K/home/weiwei/Desktop/project/ObsAvoidance/src/model/src/model.hpp:4[m[K,
[8.548s]                  from [01m[K/home/weiwei/Desktop/project/ObsAvoidance/src/model/src/model.cpp:1[m[K:
[8.548s] /usr/local/include/eigen3/Eigen/src/Core/CwiseBinaryOp.h: In instantiation of â€˜[01m[KEigen::CwiseBinaryOp<BinaryOp, Lhs, Rhs>::CwiseBinaryOp(const Lhs&, const Rhs&, const BinaryOp&) [with BinaryOp = Eigen::internal::scalar_difference_op<double, double>; LhsType = const Eigen::Matrix<double, 3, 1>; RhsType = const Eigen::Matrix<double, 2, 1>; Eigen::CwiseBinaryOp<BinaryOp, Lhs, Rhs>::Lhs = Eigen::Matrix<double, 3, 1>; Eigen::CwiseBinaryOp<BinaryOp, Lhs, Rhs>::Rhs = Eigen::Matrix<double, 2, 1>][m[Kâ€™:
[8.548s] [01m[K/usr/local/include/eigen3/Eigen/src/plugins/CommonCwiseBinaryOps.h:19:1:[m[K   required from â€˜[01m[Kconst Eigen::CwiseBinaryOp<Eigen::internal::scalar_difference_op<typename Eigen::internal::traits<T>::Scalar, typename Eigen::internal::traits<OtherDerived>::Scalar>, const Derived, const OtherDerived> Eigen::MatrixBase<Derived>::operator-(const Eigen::MatrixBase<OtherDerived>&) const [with OtherDerived = Eigen::Matrix<double, 2, 1>; Derived = Eigen::Matrix<double, 3, 1>; typename Eigen::internal::traits<OtherDerived>::Scalar = double; typename Eigen::internal::traits<T>::Scalar = double][m[Kâ€™
[8.548s] [01m[K/home/weiwei/Desktop/project/ObsAvoidance/src/model/src/model.cpp:287:72:[m[K   required from here
[8.548s] [01m[K/usr/local/include/eigen3/Eigen/src/Core/CwiseBinaryOp.h:109:7:[m[K [01;31m[Kerror: [m[Kstatic assertion failed: YOU_MIXED_MATRICES_OF_DIFFERENT_SIZES
[8.548s]   109 |       [01;31m[KEIGEN_STATIC_ASSERT_SAME_MATRIX_SIZE[m[K(Lhs, Rhs)
[8.548s]       |       [01;31m[K^~~~~~~~~~~~~~~~~~~~~~~~~~~~~~~~~~~~[m[K
[13.230s] In file included from [01m[K/usr/local/include/ceres/internal/autodiff.h:151[m[K,
[13.230s]                  from [01m[K/usr/local/include/ceres/autodiff_cost_function.h:130[m[K,
[13.230s]                  from [01m[K/usr/local/include/ceres/ceres.h:37[m[K,
[13.230s]                  from [01m[K/home/weiwei/Desktop/project/ObsAvoidance/src/model/src/model.hpp:19[m[K,
[13.230s]                  from [01m[K/home/weiwei/Desktop/project/ObsAvoidance/src/model/src/model.cpp:1[m[K:
[13.231s] /usr/local/include/ceres/internal/variadic_evaluate.h: In instantiation of â€˜[01m[Kbool ceres::internal::VariadicEvaluateImpl(const Functor&, const T* const*, T*, std::false_type, std::integer_sequence<int, Indices ...>) [with Functor = ModelNode::normVecResidual; T = double; int ...Indices = {0, 1}; std::false_type = std::integral_constant<bool, false>][m[Kâ€™:
[13.231s] [01m[K/usr/local/include/ceres/internal/variadic_evaluate.h:77:30:[m[K   required from â€˜[01m[Kbool ceres::internal::VariadicEvaluateImpl(const Functor&, const T* const*, T*, const void*) [with ParameterDims = ceres::internal::ParameterDims<false, 1, 1>; Functor = ModelNode::normVecResidual; T = double][m[Kâ€™
[13.231s] [01m[K/usr/local/include/ceres/internal/variadic_evaluate.h:106:45:[m[K   required from â€˜[01m[Kbool ceres::internal::VariadicEvaluate(const Functor&, const T* const*, T*) [with ParameterDims = ceres::internal::ParameterDims<false, 1, 1>; Functor = ModelNode::normVecResidual; T = double][m[Kâ€™
[13.231s] [01m[K/usr/local/include/ceres/autodiff_cost_function.h:208:55:[m[K   required from â€˜[01m[Kbool ceres::AutoDiffCostFunction<CostFunctor, kNumResiduals, Ns>::Evaluate(const double* const*, double*, double**) const [with CostFunctor = ModelNode::normVecResidual; int kNumResiduals = 1; int ...Ns = {1, 1}][m[Kâ€™
[13.231s] [01m[K/usr/local/include/ceres/autodiff_cost_function.h:201:8:[m[K   required from here
[13.231s] [01m[K/usr/local/include/ceres/internal/variadic_evaluate.h:55:17:[m[K [01;31m[Kerror: [m[Kno match for call to â€˜[01m[K(const ModelNode::normVecResidual) (const double* const&, const double* const&, double*&)[m[Kâ€™
[13.231s]    55 |   return [01;31m[Kfunctor(input[Indices]..., output)[m[K;
[13.231s]       |          [01;31m[K~~~~~~~^~~~~~~~~~~~~~~~~~~~~~~~~~~[m[K
[13.231s] In file included from [01m[K/home/weiwei/Desktop/project/ObsAvoidance/src/model/src/model.cpp:1[m[K:
[13.231s] [01m[K/home/weiwei/Desktop/project/ObsAvoidance/src/model/src/model.hpp:48:36:[m[K [01;36m[Knote: [m[Kcandidate: â€˜[01m[Ktemplate<class T> bool ModelNode::normVecResidual::operator()(const T*, const T*, const T*, T*) const[m[Kâ€™
[13.231s]    48 |         template <typename T> bool [01;36m[Koperator[m[K()(const T* const a, const T* const b,const T* const c, T* residual) const {
[13.231s]       |                                    [01;36m[K^~~~~~~~[m[K
[13.231s] [01m[K/home/weiwei/Desktop/project/ObsAvoidance/src/model/src/model.hpp:48:36:[m[K [01;36m[Knote: [m[K  template argument deduction/substitution failed:
[13.231s] In file included from [01m[K/usr/local/include/ceres/internal/autodiff.h:151[m[K,
[13.231s]                  from [01m[K/usr/local/include/ceres/autodiff_cost_function.h:130[m[K,
[13.231s]                  from [01m[K/usr/local/include/ceres/ceres.h:37[m[K,
[13.231s]                  from [01m[K/home/weiwei/Desktop/project/ObsAvoidance/src/model/src/model.hpp:19[m[K,
[13.231s]                  from [01m[K/home/weiwei/Desktop/project/ObsAvoidance/src/model/src/model.cpp:1[m[K:
[13.231s] [01m[K/usr/local/include/ceres/internal/variadic_evaluate.h:55:17:[m[K [01;36m[Knote: [m[K  candidate expects 4 arguments, 3 provided
[13.231s]    55 |   return [01;36m[Kfunctor(input[Indices]..., output)[m[K;
[13.231s]       |          [01;36m[K~~~~~~~^~~~~~~~~~~~~~~~~~~~~~~~~~~[m[K
[13.292s] /usr/local/include/ceres/internal/variadic_evaluate.h: In instantiation of â€˜[01m[Kbool ceres::internal::VariadicEvaluateImpl(const Functor&, const T* const*, T*, std::false_type, std::integer_sequence<int, Indices ...>) [with Functor = ModelNode::normVecResidual; T = ceres::Jet<double, 2>; int ...Indices = {0, 1}; std::false_type = std::integral_constant<bool, false>][m[Kâ€™:
[13.292s] [01m[K/usr/local/include/ceres/internal/variadic_evaluate.h:77:30:[m[K   required from â€˜[01m[Kbool ceres::internal::VariadicEvaluateImpl(const Functor&, const T* const*, T*, const void*) [with ParameterDims = ceres::internal::ParameterDims<false, 1, 1>; Functor = ModelNode::normVecResidual; T = ceres::Jet<double, 2>][m[Kâ€™
[13.292s] [01m[K/usr/local/include/ceres/internal/variadic_evaluate.h:106:45:[m[K   required from â€˜[01m[Kbool ceres::internal::VariadicEvaluate(const Functor&, const T* const*, T*) [with ParameterDims = ceres::internal::ParameterDims<false, 1, 1>; Functor = ModelNode::normVecResidual; T = ceres::Jet<double, 2>][m[Kâ€™
[13.292s] [01m[K/usr/local/include/ceres/internal/autodiff.h:349:39:[m[K   required from â€˜[01m[Kbool ceres::internal::AutoDifferentiate(const Functor&, const T* const*, int, T*, T**) [with int kNumResiduals = 1; ParameterDims = ceres::internal::ParameterDims<false, 1, 1>; Functor = ModelNode::normVecResidual; T = double][m[Kâ€™
[13.292s] [01m[K/usr/local/include/ceres/autodiff_cost_function.h:211:69:[m[K   required from â€˜[01m[Kbool ceres::AutoDiffCostFunction<CostFunctor, kNumResiduals, Ns>::Evaluate(const double* const*, double*, double**) const [with CostFunctor = ModelNode::normVecResidual; int kNumResiduals = 1; int ...Ns = {1, 1}][m[Kâ€™
[13.292s] [01m[K/usr/local/include/ceres/autodiff_cost_function.h:201:8:[m[K   required from here
[13.292s] [01m[K/usr/local/include/ceres/internal/variadic_evaluate.h:55:17:[m[K [01;31m[Kerror: [m[Kno match for call to â€˜[01m[K(const ModelNode::normVecResidual) (const ceres::Jet<double, 2>* const&, const ceres::Jet<double, 2>* const&, ceres::Jet<double, 2>*&)[m[Kâ€™
[13.293s] In file included from [01m[K/home/weiwei/Desktop/project/ObsAvoidance/src/model/src/model.cpp:1[m[K:
[13.293s] [01m[K/home/weiwei/Desktop/project/ObsAvoidance/src/model/src/model.hpp:48:36:[m[K [01;36m[Knote: [m[Kcandidate: â€˜[01m[Ktemplate<class T> bool ModelNode::normVecResidual::operator()(const T*, const T*, const T*, T*) const[m[Kâ€™
[13.293s]    48 |         template <typename T> bool [01;36m[Koperator[m[K()(const T* const a, const T* const b,const T* const c, T* residual) const {
[13.293s]       |                                    [01;36m[K^~~~~~~~[m[K
[13.293s] [01m[K/home/weiwei/Desktop/project/ObsAvoidance/src/model/src/model.hpp:48:36:[m[K [01;36m[Knote: [m[K  template argument deduction/substitution failed:
[13.293s] In file included from [01m[K/usr/local/include/ceres/internal/autodiff.h:151[m[K,
[13.293s]                  from [01m[K/usr/local/include/ceres/autodiff_cost_function.h:130[m[K,
[13.293s]                  from [01m[K/usr/local/include/ceres/ceres.h:37[m[K,
[13.293s]                  from [01m[K/home/weiwei/Desktop/project/ObsAvoidance/src/model/src/model.hpp:19[m[K,
[13.293s]                  from [01m[K/home/weiwei/Desktop/project/ObsAvoidance/src/model/src/model.cpp:1[m[K:
[13.293s] [01m[K/usr/local/include/ceres/internal/variadic_evaluate.h:55:17:[m[K [01;36m[Knote: [m[K  candidate expects 4 arguments, 3 provided
[13.293s]    55 |   return [01;36m[Kfunctor(input[Indices]..., output)[m[K;
[13.293s]       |          [01;36m[K~~~~~~~^~~~~~~~~~~~~~~~~~~~~~~~~~~[m[K
[14.025s] make[2]: *** [CMakeFiles/model.dir/build.make:76ï¼šCMakeFiles/model.dir/src/model.cpp.o] é”™è¯¯ 1
[14.025s] make[1]: *** [CMakeFiles/Makefile2:105ï¼šCMakeFiles/model.dir/all] é”™è¯¯ 2
[14.026s] make: *** [Makefile:141ï¼šall] é”™è¯¯ 2
[14.028s] Invoked command in '/home/weiwei/Desktop/project/ObsAvoidance/build/model' returned '2': CMAKE_PREFIX_PATH=/home/weiwei/Desktop/project/ObsAvoidance/install/interface:/home/weiwei/Desktop/project/ObsAvoidance/install/orbslam:/home/weiwei/Desktop/project/ObsAvoidance/install/model:/home/weiwei/Desktop/project/ObsAvoidance/install/media:/opt/ros/foxy /usr/bin/cmake --build /home/weiwei/Desktop/project/ObsAvoidance/build/model -- -j16 -l16
