** WARNING ** io features related to pcap will be disabled
** WARNING ** io features related to png will be disabled
** WARNING ** io features related to libusb-1.0 will be disabled
[01m[K/home/weiwei/Desktop/project/ObsAvoidance/src/path_planner/src/main.cpp:[m[K In function ‘[01m[Kint main(int, char**)[m[K’:
[01m[K/home/weiwei/Desktop/project/ObsAvoidance/src/path_planner/src/main.cpp:9:5:[m[K [01;31m[Kerror: [m[Kexpected ‘[01m[K,[m[K’ or ‘[01m[K;[m[K’ before ‘[01m[Kcv[m[K’
    9 |     [01;31m[Kcv[m[K::imshow("temp_mat", temp_mat);
      |     [01;31m[K^~[m[K
[01m[K/home/weiwei/Desktop/project/ObsAvoidance/src/path_planner/src/main.cpp:11:17:[m[K [01;31m[Kerror: [m[Kmissing template arguments before ‘[01m[Ktemp_sophus[m[K’
   11 |     Sophus::SO3 [01;31m[Ktemp_sophus[m[K(Eigen::Matrix3d::Identity());
      |                 [01;31m[K^~~~~~~~~~~[m[K
[01m[K/home/weiwei/Desktop/project/ObsAvoidance/src/path_planner/src/main.cpp:12:18:[m[K [01;31m[Kerror: [m[K‘[01m[Ktemp_sophus[m[K’ was not declared in this scope
   12 |     std::cout << [01;31m[Ktemp_sophus[m[K.matrix() << std::endl;
      |                  [01;31m[K^~~~~~~~~~~[m[K
[01m[K/home/weiwei/Desktop/project/ObsAvoidance/src/path_planner/src/main.cpp:3:14:[m[K [01;35m[Kwarning: [m[Kunused parameter ‘[01m[Kargc[m[K’ [[01;35m[K-Wunused-parameter[m[K]
    3 | int main([01;35m[Kint argc[m[K, char** argv)
      |          [01;35m[K~~~~^~~~[m[K
[01m[K/home/weiwei/Desktop/project/ObsAvoidance/src/path_planner/src/main.cpp:3:27:[m[K [01;35m[Kwarning: [m[Kunused parameter ‘[01m[Kargv[m[K’ [[01;35m[K-Wunused-parameter[m[K]
    3 | int main(int argc, [01;35m[Kchar** argv[m[K)
      |                    [01;35m[K~~~~~~~^~~~[m[K
make[2]: *** [CMakeFiles/path_planner.dir/build.make:76：CMakeFiles/path_planner.dir/src/main.cpp.o] 错误 1
make[2]: *** 正在等待未完成的任务....
make[1]: *** [CMakeFiles/Makefile2:105：CMakeFiles/path_planner.dir/all] 错误 2
make: *** [Makefile:141：all] 错误 2
