[0.076s] Invoking command in '/home/weiwei/Desktop/project/ObsAvoidance/build/path_planner': AMENT_PREFIX_PATH=/home/weiwei/Desktop/project/ObsAvoidance/install/interface:${AMENT_PREFIX_PATH} CMAKE_PREFIX_PATH=/home/weiwei/Desktop/project/ObsAvoidance/install/interface:/opt/ros/foxy LD_LIBRARY_PATH=/home/weiwei/Desktop/project/ObsAvoidance/install/interface/lib:${LD_LIBRARY_PATH} PYTHONPATH=/home/weiwei/Desktop/project/ObsAvoidance/install/interface/lib/python3.8/site-packages:${PYTHONPATH} /usr/bin/cmake --build /home/weiwei/Desktop/project/ObsAvoidance/build/path_planner -- -j16 -l16
[0.093s] -- Found ament_cmake: 0.9.12 (/opt/ros/foxy/share/ament_cmake/cmake)
[0.108s] -- Using PYTHON_EXECUTABLE: /usr/bin/python3
[0.214s] -- Found rclcpp: 2.4.3 (/opt/ros/foxy/share/rclcpp/cmake)
[0.235s] -- Using all available rosidl_typesupport_c: rosidl_typesupport_fastrtps_c;rosidl_typesupport_introspection_c
[0.237s] -- Found rosidl_adapter: 1.3.1 (/opt/ros/foxy/share/rosidl_adapter/cmake)
[0.315s] -- Using all available rosidl_typesupport_cpp: rosidl_typesupport_fastrtps_cpp;rosidl_typesupport_introspection_cpp
[0.346s] -- Found rmw_implementation_cmake: 1.0.4 (/opt/ros/foxy/share/rmw_implementation_cmake/cmake)
[0.347s] -- Using RMW implementation 'rmw_fastrtps_cpp' as default
[0.437s] -- Found interface: 0.0.0 (/home/weiwei/Desktop/project/ObsAvoidance/install/interface/share/interface/cmake)
[0.587s] -- Found cv_bridge: 3.0.7 (/opt/ros/foxy/share/cv_bridge/cmake)
[0.602s] -- Found pcl_conversions: 2.2.1 (/opt/ros/foxy/share/pcl_conversions/cmake)
[0.712s] -- Found octomap_msgs: 2.0.0 (/opt/ros/foxy/share/octomap_msgs/cmake)
[0.762s] -- Eigen found (include: /usr/include/eigen3, version: 3.3.7)
[0.817s] -- The imported target "vtkParseOGLExt" references the file
[0.817s]    "/usr/bin/vtkParseOGLExt-7.1"
[0.817s] but this file does not exist.  Possible reasons include:
[0.817s] * The file was deleted, renamed, or moved to another location.
[0.817s] * An install or uninstall procedure did not complete successfully.
[0.817s] * The installation package was faulty and contained
[0.817s]    "/usr/lib/cmake/vtk-7.1/VTKTargets.cmake"
[0.817s] but not all the files it references.
[0.817s] 
[0.818s] -- The imported target "vtkRenderingPythonTkWidgets" references the file
[0.818s]    "/usr/lib/x86_64-linux-gnu/libvtkRenderingPythonTkWidgets.so"
[0.818s] but this file does not exist.  Possible reasons include:
[0.818s] * The file was deleted, renamed, or moved to another location.
[0.818s] * An install or uninstall procedure did not complete successfully.
[0.818s] * The installation package was faulty and contained
[0.818s]    "/usr/lib/cmake/vtk-7.1/VTKTargets.cmake"
[0.818s] but not all the files it references.
[0.818s] 
[0.818s] -- The imported target "vtk" references the file
[0.818s]    "/usr/bin/vtk"
[0.818s] but this file does not exist.  Possible reasons include:
[0.819s] * The file was deleted, renamed, or moved to another location.
[0.819s] * An install or uninstall procedure did not complete successfully.
[0.819s] * The installation package was faulty and contained
[0.819s]    "/usr/lib/cmake/vtk-7.1/VTKTargets.cmake"
[0.819s] but not all the files it references.
[0.819s] 
[0.819s] -- The imported target "pvtk" references the file
[0.819s]    "/usr/bin/pvtk"
[0.819s] but this file does not exist.  Possible reasons include:
[0.819s] * The file was deleted, renamed, or moved to another location.
[0.819s] * An install or uninstall procedure did not complete successfully.
[0.819s] * The installation package was faulty and contained
[0.819s]    "/usr/lib/cmake/vtk-7.1/VTKTargets.cmake"
[0.819s] but not all the files it references.
[0.819s] 
[0.832s] -- OpenNI found (include: /usr/include/ni, lib: /usr/lib/libOpenNI.so)
[0.836s] -- OpenNI2 found (include: /usr/include/openni2, lib: /usr/lib/libOpenNI2.so)
[0.836s] ** WARNING ** io features related to pcap will be disabled
[0.836s] ** WARNING ** io features related to png will be disabled
[0.844s] ** WARNING ** io features related to libusb-1.0 will be disabled
[0.847s] -- OpenNI found (include: /usr/include/ni, lib: /usr/lib/libOpenNI.so)
[0.851s] -- OpenNI2 found (include: /usr/include/openni2, lib: /usr/lib/libOpenNI2.so)
[0.859s] -- QHULL found (include: /usr/include, lib: optimized;/usr/lib/x86_64-linux-gnu/libqhull.so;debug;/usr/lib/x86_64-linux-gnu/libqhull.so)
[0.863s] -- OpenNI found (include: /usr/include/ni, lib: /usr/lib/libOpenNI.so)
[0.870s] -- looking for PCL_COMMON
[0.871s] -- looking for PCL_KDTREE
[0.871s] -- looking for PCL_OCTREE
[0.871s] -- looking for PCL_SEARCH
[0.872s] -- looking for PCL_SAMPLE_CONSENSUS
[0.872s] -- looking for PCL_FILTERS
[0.872s] -- looking for PCL_2D
[0.873s] -- looking for PCL_GEOMETRY
[0.873s] -- looking for PCL_IO
[0.874s] -- looking for PCL_FEATURES
[0.874s] -- looking for PCL_ML
[0.874s] -- looking for PCL_SEGMENTATION
[0.875s] -- looking for PCL_VISUALIZATION
[0.875s] -- looking for PCL_SURFACE
[0.876s] -- looking for PCL_REGISTRATION
[0.876s] -- looking for PCL_KEYPOINTS
[0.876s] -- looking for PCL_TRACKING
[0.877s] -- looking for PCL_RECOGNITION
[0.877s] -- looking for PCL_STEREO
[0.878s] -- looking for PCL_APPS
[0.878s] -- looking for PCL_IN_HAND_SCANNER
[0.878s] -- looking for PCL_POINT_CLOUD_EDITOR
[0.879s] -- looking for PCL_OUTOFCORE
[0.879s] -- looking for PCL_PEOPLE
[0.952s] -- Found AMD headers in: /usr/include/suitesparse
[0.952s] -- Found AMD library: /usr/lib/x86_64-linux-gnu/libamd.so
[0.952s] -- Found CAMD headers in: /usr/include/suitesparse
[0.952s] -- Found CAMD library: /usr/lib/x86_64-linux-gnu/libcamd.so
[0.952s] -- Found CCOLAMD headers in: /usr/include/suitesparse
[0.952s] -- Found CCOLAMD library: /usr/lib/x86_64-linux-gnu/libccolamd.so
[0.952s] -- Found CHOLMOD headers in: /usr/include/suitesparse
[0.952s] -- Found CHOLMOD library: /usr/lib/x86_64-linux-gnu/libcholmod.so
[0.952s] -- Found COLAMD headers in: /usr/include/suitesparse
[0.952s] -- Found COLAMD library: /usr/lib/x86_64-linux-gnu/libcolamd.so
[0.953s] -- Found SPQR headers in: /usr/include/suitesparse
[0.953s] -- Found SPQR library: /usr/lib/x86_64-linux-gnu/libspqr.so
[0.953s] -- Found Config headers in: /usr/include/suitesparse
[0.953s] -- Found Config library: /usr/lib/x86_64-linux-gnu/libsuitesparseconfig.so
[0.953s] -- Found Intel Thread Building Blocks (TBB) library (2020.1 / 11101) include location: . Assuming SuiteSparseQR was compiled with TBB.
[0.953s] -- Adding librt to SuiteSparse_config libraries (required on Linux & Unix [not OSX] if SuiteSparse is compiled with timing).
[0.956s] -- Could NOT find METIS (missing: METIS_INCLUDE_DIR METIS_LIBRARY) 
[0.958s] -- Found required Ceres dependency: Eigen version 3.3.9 in /usr/local/share/eigen3/cmake
[0.958s] -- Found required Ceres dependency: glog
[0.960s] -- Found required Ceres dependency: gflags
[0.960s] -- Found Ceres version: 2.2.0 installed in: /usr/local with components: [EigenSparse, SparseLinearAlgebraLibrary, LAPACK, SuiteSparse, SchurSpecializations]
[0.960s] -- Found ament_lint_auto: 0.9.8 (/opt/ros/foxy/share/ament_lint_auto/cmake)
[1.040s] -- Added test 'copyright' to check source files copyright and LICENSE
[1.041s] -- Added test 'cppcheck' to perform static code analysis on C / C++ code
[1.041s] -- Configured cppcheck include dirs: 
[1.041s] -- Configured cppcheck exclude dirs and/or files: 
[1.041s] -- Added test 'cpplint' to check C / C++ code against the Google style
[1.041s] -- Configured cpplint exclude dirs and/or files: 
[1.042s] -- Added test 'lint_cmake' to check CMake code style
[1.042s] -- Added test 'uncrustify' to check C / C++ code style
[1.042s] -- Configured uncrustify additional arguments: 
[1.042s] -- Added test 'xmllint' to check XML markup files
[1.044s] -- Configuring done
[1.063s] -- Generating done
[1.064s] -- Build files have been written to: /home/weiwei/Desktop/project/ObsAvoidance/build/path_planner
[1.088s] [35m[1mScanning dependencies of target path_planner[0m
[1.120s] [ 66%] [32mBuilding CXX object CMakeFiles/path_planner.dir/src/main.cpp.o[0m
[1.120s] [ 66%] [32mBuilding CXX object CMakeFiles/path_planner.dir/src/planner.cpp.o[0m
[2.980s] [01m[K/home/weiwei/Desktop/project/ObsAvoidance/src/path_planner/src/main.cpp:[m[K In function â€˜[01m[Kint main(int, char**)[m[Kâ€™:
[2.980s] [01m[K/home/weiwei/Desktop/project/ObsAvoidance/src/path_planner/src/main.cpp:9:5:[m[K [01;31m[Kerror: [m[Kexpected â€˜[01m[K,[m[Kâ€™ or â€˜[01m[K;[m[Kâ€™ before â€˜[01m[Kcv[m[Kâ€™
[2.980s]     9 |     [01;31m[Kcv[m[K::imshow("temp_mat", temp_mat);
[2.980s]       |     [01;31m[K^~[m[K
[2.980s] [01m[K/home/weiwei/Desktop/project/ObsAvoidance/src/path_planner/src/main.cpp:11:17:[m[K [01;31m[Kerror: [m[Kmissing template arguments before â€˜[01m[Ktemp_sophus[m[Kâ€™
[2.980s]    11 |     Sophus::SO3 [01;31m[Ktemp_sophus[m[K(Eigen::Matrix3d::Identity());
[2.980s]       |                 [01;31m[K^~~~~~~~~~~[m[K
[2.983s] [01m[K/home/weiwei/Desktop/project/ObsAvoidance/src/path_planner/src/main.cpp:12:18:[m[K [01;31m[Kerror: [m[Kâ€˜[01m[Ktemp_sophus[m[Kâ€™ was not declared in this scope
[2.983s]    12 |     std::cout << [01;31m[Ktemp_sophus[m[K.matrix() << std::endl;
[2.983s]       |                  [01;31m[K^~~~~~~~~~~[m[K
[2.983s] [01m[K/home/weiwei/Desktop/project/ObsAvoidance/src/path_planner/src/main.cpp:3:14:[m[K [01;35m[Kwarning: [m[Kunused parameter â€˜[01m[Kargc[m[Kâ€™ [[01;35m[K-Wunused-parameter[m[K]
[2.983s]     3 | int main([01;35m[Kint argc[m[K, char** argv)
[2.983s]       |          [01;35m[K~~~~^~~~[m[K
[2.983s] [01m[K/home/weiwei/Desktop/project/ObsAvoidance/src/path_planner/src/main.cpp:3:27:[m[K [01;35m[Kwarning: [m[Kunused parameter â€˜[01m[Kargv[m[Kâ€™ [[01;35m[K-Wunused-parameter[m[K]
[2.983s]     3 | int main(int argc, [01;35m[Kchar** argv[m[K)
[2.983s]       |                    [01;35m[K~~~~~~~^~~~[m[K
[3.495s] make[2]: *** [CMakeFiles/path_planner.dir/build.make:76ï¼šCMakeFiles/path_planner.dir/src/main.cpp.o] é”™è¯¯ 1
[3.495s] make[2]: *** æ­£åœ¨ç­‰å¾…æœªå®Œæˆçš„ä»»åŠ¡....
[3.573s] make[1]: *** [CMakeFiles/Makefile2:105ï¼šCMakeFiles/path_planner.dir/all] é”™è¯¯ 2
[3.573s] make: *** [Makefile:141ï¼šall] é”™è¯¯ 2
[3.574s] Invoked command in '/home/weiwei/Desktop/project/ObsAvoidance/build/path_planner' returned '2': AMENT_PREFIX_PATH=/home/weiwei/Desktop/project/ObsAvoidance/install/interface:${AMENT_PREFIX_PATH} CMAKE_PREFIX_PATH=/home/weiwei/Desktop/project/ObsAvoidance/install/interface:/opt/ros/foxy LD_LIBRARY_PATH=/home/weiwei/Desktop/project/ObsAvoidance/install/interface/lib:${LD_LIBRARY_PATH} PYTHONPATH=/home/weiwei/Desktop/project/ObsAvoidance/install/interface/lib/python3.8/site-packages:${PYTHONPATH} /usr/bin/cmake --build /home/weiwei/Desktop/project/ObsAvoidance/build/path_planner -- -j16 -l16
