[0.002s] Invoking command in '/home/weiwei/Desktop/project/ObsAvoidance/build/path_planner': CMAKE_PREFIX_PATH=/home/weiwei/Desktop/project/ObsAvoidance/install/interface:/home/weiwei/Desktop/project/ObsAvoidance/install/path_planner:/home/weiwei/Desktop/project/ObsAvoidance/install/orbslam:/home/weiwei/Desktop/project/ObsAvoidance/install/model:/home/weiwei/Desktop/project/ObsAvoidance/install/media:/opt/ros/foxy /usr/bin/cmake --build /home/weiwei/Desktop/project/ObsAvoidance/build/path_planner -- -j16 -l16
[0.002s] -- Found ament_cmake: 0.9.12 (/opt/ros/foxy/share/ament_cmake/cmake)
[0.002s] -- Using PYTHON_EXECUTABLE: /usr/bin/python3
[0.002s] -- Found rclcpp: 2.4.3 (/opt/ros/foxy/share/rclcpp/cmake)
[0.003s] -- Using all available rosidl_typesupport_c: rosidl_typesupport_fastrtps_c;rosidl_typesupport_introspection_c
[0.003s] -- Found rosidl_adapter: 1.3.1 (/opt/ros/foxy/share/rosidl_adapter/cmake)
[0.003s] -- Using all available rosidl_typesupport_cpp: rosidl_typesupport_fastrtps_cpp;rosidl_typesupport_introspection_cpp
[0.003s] -- Found rmw_implementation_cmake: 1.0.4 (/opt/ros/foxy/share/rmw_implementation_cmake/cmake)
[0.003s] -- Using RMW implementation 'rmw_fastrtps_cpp' as default
[0.003s] -- Found interface: 0.0.0 (/home/weiwei/Desktop/project/ObsAvoidance/install/interface/share/interface/cmake)
[0.003s] -- Found cv_bridge: 3.0.7 (/opt/ros/foxy/share/cv_bridge/cmake)
[0.003s] -- Found pcl_conversions: 2.2.1 (/opt/ros/foxy/share/pcl_conversions/cmake)
[0.003s] -- Found octomap_msgs: 2.0.0 (/opt/ros/foxy/share/octomap_msgs/cmake)
[0.003s] -- Eigen found (include: /usr/include/eigen3, version: 3.3.7)
[0.003s] -- The imported target "vtkParseOGLExt" references the file
[0.003s]    "/usr/bin/vtkParseOGLExt-7.1"
[0.003s] but this file does not exist.  Possible reasons include:
[0.003s] * The file was deleted, renamed, or moved to another location.
[0.003s] * An install or uninstall procedure did not complete successfully.
[0.003s] * The installation package was faulty and contained
[0.003s]    "/usr/lib/cmake/vtk-7.1/VTKTargets.cmake"
[0.003s] but not all the files it references.
[0.003s] 
[0.003s] -- The imported target "vtkRenderingPythonTkWidgets" references the file
[0.003s]    "/usr/lib/x86_64-linux-gnu/libvtkRenderingPythonTkWidgets.so"
[0.003s] but this file does not exist.  Possible reasons include:
[0.003s] * The file was deleted, renamed, or moved to another location.
[0.003s] * An install or uninstall procedure did not complete successfully.
[0.003s] * The installation package was faulty and contained
[0.003s]    "/usr/lib/cmake/vtk-7.1/VTKTargets.cmake"
[0.004s] but not all the files it references.
[0.004s] 
[0.004s] -- The imported target "vtk" references the file
[0.004s]    "/usr/bin/vtk"
[0.004s] but this file does not exist.  Possible reasons include:
[0.004s] * The file was deleted, renamed, or moved to another location.
[0.004s] * An install or uninstall procedure did not complete successfully.
[0.004s] * The installation package was faulty and contained
[0.004s]    "/usr/lib/cmake/vtk-7.1/VTKTargets.cmake"
[0.004s] but not all the files it references.
[0.004s] 
[0.004s] -- The imported target "pvtk" references the file
[0.004s]    "/usr/bin/pvtk"
[0.004s] but this file does not exist.  Possible reasons include:
[0.004s] * The file was deleted, renamed, or moved to another location.
[0.004s] * An install or uninstall procedure did not complete successfully.
[0.004s] * The installation package was faulty and contained
[0.004s]    "/usr/lib/cmake/vtk-7.1/VTKTargets.cmake"
[0.005s] but not all the files it references.
[0.005s] 
[0.005s] -- OpenNI found (include: /usr/include/ni, lib: /usr/lib/libOpenNI.so)
[0.005s] -- OpenNI2 found (include: /usr/include/openni2, lib: /usr/lib/libOpenNI2.so)
[0.005s] ** WARNING ** io features related to pcap will be disabled
[0.005s] ** WARNING ** io features related to png will be disabled
[0.005s] ** WARNING ** io features related to libusb-1.0 will be disabled
[0.005s] -- OpenNI found (include: /usr/include/ni, lib: /usr/lib/libOpenNI.so)
[0.005s] -- OpenNI2 found (include: /usr/include/openni2, lib: /usr/lib/libOpenNI2.so)
[0.005s] -- QHULL found (include: /usr/include, lib: optimized;/usr/lib/x86_64-linux-gnu/libqhull.so;debug;/usr/lib/x86_64-linux-gnu/libqhull.so)
[0.005s] -- OpenNI found (include: /usr/include/ni, lib: /usr/lib/libOpenNI.so)
[0.005s] -- looking for PCL_COMMON
[0.005s] -- looking for PCL_KDTREE
[0.005s] -- looking for PCL_OCTREE
[0.005s] -- looking for PCL_SEARCH
[0.005s] -- looking for PCL_SAMPLE_CONSENSUS
[0.005s] -- looking for PCL_FILTERS
[0.005s] -- looking for PCL_2D
[0.005s] -- looking for PCL_GEOMETRY
[0.005s] -- looking for PCL_IO
[0.005s] -- looking for PCL_FEATURES
[0.005s] -- looking for PCL_ML
[0.005s] -- looking for PCL_SEGMENTATION
[0.005s] -- looking for PCL_VISUALIZATION
[0.005s] -- looking for PCL_SURFACE
[0.005s] -- looking for PCL_REGISTRATION
[0.005s] -- looking for PCL_KEYPOINTS
[0.006s] -- looking for PCL_TRACKING
[0.006s] -- looking for PCL_RECOGNITION
[0.006s] -- looking for PCL_STEREO
[0.006s] -- looking for PCL_APPS
[0.006s] -- looking for PCL_IN_HAND_SCANNER
[0.006s] -- looking for PCL_POINT_CLOUD_EDITOR
[0.006s] -- looking for PCL_OUTOFCORE
[0.006s] -- looking for PCL_PEOPLE
[0.006s] -- Found AMD headers in: /usr/include/suitesparse
[0.006s] -- Found AMD library: /usr/lib/x86_64-linux-gnu/libamd.so
[0.006s] -- Found CAMD headers in: /usr/include/suitesparse
[0.006s] -- Found CAMD library: /usr/lib/x86_64-linux-gnu/libcamd.so
[0.006s] -- Found CCOLAMD headers in: /usr/include/suitesparse
[0.006s] -- Found CCOLAMD library: /usr/lib/x86_64-linux-gnu/libccolamd.so
[0.006s] -- Found CHOLMOD headers in: /usr/include/suitesparse
[0.006s] -- Found CHOLMOD library: /usr/lib/x86_64-linux-gnu/libcholmod.so
[0.006s] -- Found COLAMD headers in: /usr/include/suitesparse
[0.006s] -- Found COLAMD library: /usr/lib/x86_64-linux-gnu/libcolamd.so
[0.006s] -- Found SPQR headers in: /usr/include/suitesparse
[0.006s] -- Found SPQR library: /usr/lib/x86_64-linux-gnu/libspqr.so
[0.006s] -- Found Config headers in: /usr/include/suitesparse
[0.006s] -- Found Config library: /usr/lib/x86_64-linux-gnu/libsuitesparseconfig.so
[0.006s] -- Found Intel Thread Building Blocks (TBB) library (2020.1 / 11101) include location: . Assuming SuiteSparseQR was compiled with TBB.
[0.006s] -- Adding librt to SuiteSparse_config libraries (required on Linux & Unix [not OSX] if SuiteSparse is compiled with timing).
[0.006s] -- Could NOT find METIS (missing: METIS_INCLUDE_DIR METIS_LIBRARY) 
[0.006s] -- Found required Ceres dependency: Eigen version 3.3.9 in /usr/local/share/eigen3/cmake
[0.006s] -- Found required Ceres dependency: glog
[0.006s] -- Found required Ceres dependency: gflags
[0.007s] -- Found Ceres version: 2.2.0 installed in: /usr/local with components: [EigenSparse, SparseLinearAlgebraLibrary, LAPACK, SuiteSparse, SchurSpecializations]
[0.007s] -- Found ament_lint_auto: 0.9.8 (/opt/ros/foxy/share/ament_lint_auto/cmake)
[0.007s] -- Added test 'copyright' to check source files copyright and LICENSE
[0.007s] -- Added test 'cppcheck' to perform static code analysis on C / C++ code
[0.007s] -- Configured cppcheck include dirs: 
[0.007s] -- Configured cppcheck exclude dirs and/or files: 
[0.007s] -- Added test 'cpplint' to check C / C++ code against the Google style
[0.007s] -- Configured cpplint exclude dirs and/or files: 
[0.007s] -- Added test 'lint_cmake' to check CMake code style
[0.007s] -- Added test 'uncrustify' to check C / C++ code style
[0.007s] -- Configured uncrustify additional arguments: 
[0.007s] -- Added test 'xmllint' to check XML markup files
[0.007s] -- Configuring done
[0.007s] -- Generating done
[0.007s] -- Build files have been written to: /home/weiwei/Desktop/project/ObsAvoidance/build/path_planner
[0.007s] [35m[1mScanning dependencies of target path_planner[0m
[0.007s] [ 66%] [32mBuilding CXX object CMakeFiles/path_planner.dir/src/planner.cpp.o[0m
[0.007s] [ 66%] [32mBuilding CXX object CMakeFiles/path_planner.dir/src/main.cpp.o[0m
[0.007s] In file included from [01m[K/usr/local/include/ceres/ceres.h:46[m[K,
[0.007s]                  from [01m[K/home/weiwei/Desktop/project/ObsAvoidance/src/path_planner/src/planner.hpp:7[m[K,
[0.007s]                  from [01m[K/home/weiwei/Desktop/project/ObsAvoidance/src/path_planner/src/planner.cpp:1[m[K:
[0.007s] [01m[K/usr/local/include/ceres/dynamic_autodiff_cost_function.h:280:48:[m[K [01;31m[Kerror: [m[Kexpected constructor, destructor, or type conversion before â€˜[01m[K;[m[Kâ€™ token
[0.007s]   280 |     -> DynamicAutoDiffCostFunction<CostFunctor>[01;31m[K;[m[K
[0.007s]       |                                                [01;31m[K^[m[K
[0.007s] In file included from [01m[K/usr/local/include/ceres/ceres.h:46[m[K,
[0.007s]                  from [01m[K/home/weiwei/Desktop/project/ObsAvoidance/src/path_planner/src/planner.hpp:7[m[K,
[0.007s]                  from [01m[K/home/weiwei/Desktop/project/ObsAvoidance/src/path_planner/src/main.cpp:1[m[K:
[0.007s] [01m[K/usr/local/include/ceres/dynamic_autodiff_cost_function.h:280:48:[m[K [01;31m[Kerror: [m[Kexpected constructor, destructor, or type conversion before â€˜[01m[K;[m[Kâ€™ token
[0.007s]   280 |     -> DynamicAutoDiffCostFunction<CostFunctor>[01;31m[K;[m[K
[0.008s]       |                                                [01;31m[K^[m[K
[0.008s] In file included from [01m[K/usr/local/include/ceres/ceres.h:65[m[K,
[0.008s]                  from [01m[K/home/weiwei/Desktop/project/ObsAvoidance/src/path_planner/src/planner.hpp:7[m[K,
[0.008s]                  from [01m[K/home/weiwei/Desktop/project/ObsAvoidance/src/path_planner/src/planner.cpp:1[m[K:
[0.008s] [01m[K/usr/local/include/ceres/product_manifold.h:315:59:[m[K [01;31m[Kerror: [m[Kexpected constructor, destructor, or type conversion before â€˜[01m[K;[m[Kâ€™ token
[0.008s]   315 |     -> ProductManifold<Manifold0, Manifold1, Manifolds...>[01;31m[K;[m[K
[0.008s]       |                                                           [01;31m[K^[m[K
[0.008s] In file included from [01m[K/usr/local/include/ceres/ceres.h:65[m[K,
[0.008s]                  from [01m[K/home/weiwei/Desktop/project/ObsAvoidance/src/path_planner/src/planner.hpp:7[m[K,
[0.008s]                  from [01m[K/home/weiwei/Desktop/project/ObsAvoidance/src/path_planner/src/main.cpp:1[m[K:
[0.008s] [01m[K/usr/local/include/ceres/product_manifold.h:315:59:[m[K [01;31m[Kerror: [m[Kexpected constructor, destructor, or type conversion before â€˜[01m[K;[m[Kâ€™ token
[0.008s]   315 |     -> ProductManifold<Manifold0, Manifold1, Manifolds...>[01;31m[K;[m[K
[0.008s]       |                                                           [01;31m[K^[m[K
[0.008s] make[2]: *** [CMakeFiles/path_planner.dir/build.make:76ï¼šCMakeFiles/path_planner.dir/src/main.cpp.o] é”™è¯¯ 1
[0.008s] make[2]: *** æ­£åœ¨ç­‰å¾…æœªå®Œæˆçš„ä»»åŠ¡....
[0.008s] make[2]: *** [CMakeFiles/path_planner.dir/build.make:63ï¼šCMakeFiles/path_planner.dir/src/planner.cpp.o] é”™è¯¯ 1
[0.008s] make[1]: *** [CMakeFiles/Makefile2:105ï¼šCMakeFiles/path_planner.dir/all] é”™è¯¯ 2
[0.008s] make: *** [Makefile:141ï¼šall] é”™è¯¯ 2
[0.008s] Invoked command in '/home/weiwei/Desktop/project/ObsAvoidance/build/path_planner' returned '2': CMAKE_PREFIX_PATH=/home/weiwei/Desktop/project/ObsAvoidance/install/interface:/home/weiwei/Desktop/project/ObsAvoidance/install/path_planner:/home/weiwei/Desktop/project/ObsAvoidance/install/orbslam:/home/weiwei/Desktop/project/ObsAvoidance/install/model:/home/weiwei/Desktop/project/ObsAvoidance/install/media:/opt/ros/foxy /usr/bin/cmake --build /home/weiwei/Desktop/project/ObsAvoidance/build/path_planner -- -j16 -l16
