[01m[K/home/weiwei/Desktop/project/ObsAvoidance/src/path_planner/src/main.cpp:[m[K In function â€˜[01m[Kint main(int, char**)[m[Kâ€™:
[01m[K/home/weiwei/Desktop/project/ObsAvoidance/src/path_planner/src/main.cpp:11:17:[m[K [01;31m[Kerror: [m[Kmissing template arguments before â€˜[01m[Ktemp_sophus[m[Kâ€™
   11 |     Sophus::SO3 [01;31m[Ktemp_sophus[m[K(Eigen::Matrix3d::Identity());
      |                 [01;31m[K^~~~~~~~~~~[m[K
[01m[K/home/weiwei/Desktop/project/ObsAvoidance/src/path_planner/src/main.cpp:12:18:[m[K [01;31m[Kerror: [m[Kâ€˜[01m[Ktemp_sophus[m[Kâ€™ was not declared in this scope
   12 |     std::cout << [01;31m[Ktemp_sophus[m[K.matrix() << std::endl;
      |                  [01;31m[K^~~~~~~~~~~[m[K
[01m[K/home/weiwei/Desktop/project/ObsAvoidance/src/path_planner/src/main.cpp:3:14:[m[K [01;35m[Kwarning: [m[Kunused parameter â€˜[01m[Kargc[m[Kâ€™ [[01;35m[K-Wunused-parameter[m[K]
    3 | int main([01;35m[Kint argc[m[K, char** argv)
      |          [01;35m[K~~~~^~~~[m[K
[01m[K/home/weiwei/Desktop/project/ObsAvoidance/src/path_planner/src/main.cpp:3:27:[m[K [01;35m[Kwarning: [m[Kunused parameter â€˜[01m[Kargv[m[Kâ€™ [[01;35m[K-Wunused-parameter[m[K]
    3 | int main(int argc, [01;35m[Kchar** argv[m[K)
      |                    [01;35m[K~~~~~~~^~~~[m[K
make[2]: *** [CMakeFiles/path_planner.dir/build.make:76ï¼šCMakeFiles/path_planner.dir/src/main.cpp.o] é”™è¯¯ 1
make[1]: *** [CMakeFiles/Makefile2:105ï¼šCMakeFiles/path_planner.dir/all] é”™è¯¯ 2
make: *** [Makefile:141ï¼šall] é”™è¯¯ 2
