[0.078s] Invoking command in '/home/weiwei/Desktop/project/ObsAvoidance/build/path_planner': AMENT_PREFIX_PATH=/home/weiwei/Desktop/project/ObsAvoidance/install/interface:${AMENT_PREFIX_PATH} CMAKE_PREFIX_PATH=/home/weiwei/Desktop/project/ObsAvoidance/install/interface:/opt/ros/foxy LD_LIBRARY_PATH=/home/weiwei/Desktop/project/ObsAvoidance/install/interface/lib:${LD_LIBRARY_PATH} PYTHONPATH=/home/weiwei/Desktop/project/ObsAvoidance/install/interface/lib/python3.8/site-packages:${PYTHONPATH} /usr/bin/cmake --build /home/weiwei/Desktop/project/ObsAvoidance/build/path_planner -- -j16 -l16
[0.111s] [35m[1mScanning dependencies of target path_planner[0m
[0.141s] [ 33%] [32mBuilding CXX object CMakeFiles/path_planner.dir/src/main.cpp.o[0m
[2.030s] [01m[K/home/weiwei/Desktop/project/ObsAvoidance/src/path_planner/src/main.cpp:[m[K In function â€˜[01m[Kint main(int, char**)[m[Kâ€™:
[2.030s] [01m[K/home/weiwei/Desktop/project/ObsAvoidance/src/path_planner/src/main.cpp:11:17:[m[K [01;31m[Kerror: [m[Kmissing template arguments before â€˜[01m[Ktemp_sophus[m[Kâ€™
[2.030s]    11 |     Sophus::SO3 [01;31m[Ktemp_sophus[m[K(Eigen::Matrix3d::Identity());
[2.030s]       |                 [01;31m[K^~~~~~~~~~~[m[K
[2.032s] [01m[K/home/weiwei/Desktop/project/ObsAvoidance/src/path_planner/src/main.cpp:12:18:[m[K [01;31m[Kerror: [m[Kâ€˜[01m[Ktemp_sophus[m[Kâ€™ was not declared in this scope
[2.032s]    12 |     std::cout << [01;31m[Ktemp_sophus[m[K.matrix() << std::endl;
[2.032s]       |                  [01;31m[K^~~~~~~~~~~[m[K
[2.033s] [01m[K/home/weiwei/Desktop/project/ObsAvoidance/src/path_planner/src/main.cpp:3:14:[m[K [01;35m[Kwarning: [m[Kunused parameter â€˜[01m[Kargc[m[Kâ€™ [[01;35m[K-Wunused-parameter[m[K]
[2.033s]     3 | int main([01;35m[Kint argc[m[K, char** argv)
[2.033s]       |          [01;35m[K~~~~^~~~[m[K
[2.033s] [01m[K/home/weiwei/Desktop/project/ObsAvoidance/src/path_planner/src/main.cpp:3:27:[m[K [01;35m[Kwarning: [m[Kunused parameter â€˜[01m[Kargv[m[Kâ€™ [[01;35m[K-Wunused-parameter[m[K]
[2.033s]     3 | int main(int argc, [01;35m[Kchar** argv[m[K)
[2.033s]       |                    [01;35m[K~~~~~~~^~~~[m[K
[2.542s] make[2]: *** [CMakeFiles/path_planner.dir/build.make:76ï¼šCMakeFiles/path_planner.dir/src/main.cpp.o] é”™è¯¯ 1
[2.542s] make[1]: *** [CMakeFiles/Makefile2:105ï¼šCMakeFiles/path_planner.dir/all] é”™è¯¯ 2
[2.542s] make: *** [Makefile:141ï¼šall] é”™è¯¯ 2
[2.546s] Invoked command in '/home/weiwei/Desktop/project/ObsAvoidance/build/path_planner' returned '2': AMENT_PREFIX_PATH=/home/weiwei/Desktop/project/ObsAvoidance/install/interface:${AMENT_PREFIX_PATH} CMAKE_PREFIX_PATH=/home/weiwei/Desktop/project/ObsAvoidance/install/interface:/opt/ros/foxy LD_LIBRARY_PATH=/home/weiwei/Desktop/project/ObsAvoidance/install/interface/lib:${LD_LIBRARY_PATH} PYTHONPATH=/home/weiwei/Desktop/project/ObsAvoidance/install/interface/lib/python3.8/site-packages:${PYTHONPATH} /usr/bin/cmake --build /home/weiwei/Desktop/project/ObsAvoidance/build/path_planner -- -j16 -l16
