[0.092s] Invoking command in '/home/weiwei/Desktop/project/ObsAvoidance/build/path_planner': AMENT_PREFIX_PATH=/home/weiwei/Desktop/project/ObsAvoidance/install/interface:${AMENT_PREFIX_PATH} CMAKE_PREFIX_PATH=/home/weiwei/Desktop/project/ObsAvoidance/install/interface:/opt/ros/foxy LD_LIBRARY_PATH=/home/weiwei/Desktop/project/ObsAvoidance/install/interface/lib:${LD_LIBRARY_PATH} PYTHONPATH=/home/weiwei/Desktop/project/ObsAvoidance/install/interface/lib/python3.8/site-packages:${PYTHONPATH} /usr/bin/cmake /home/weiwei/Desktop/project/ObsAvoidance/src/path_planner -DCMAKE_INSTALL_PREFIX=/home/weiwei/Desktop/project/ObsAvoidance/install/path_planner
[0.131s] -- The C compiler identification is GNU 9.4.0
[0.171s] -- The CXX compiler identification is GNU 9.4.0
[0.174s] -- Check for working C compiler: /usr/bin/cc
[0.225s] -- Check for working C compiler: /usr/bin/cc -- works
[0.225s] -- Detecting C compiler ABI info
[0.277s] -- Detecting C compiler ABI info - done
[0.285s] -- Detecting C compile features
[0.285s] -- Detecting C compile features - done
[0.287s] -- Check for working CXX compiler: /usr/bin/c++
[0.346s] -- Check for working CXX compiler: /usr/bin/c++ -- works
[0.347s] -- Detecting CXX compiler ABI info
[0.411s] -- Detecting CXX compiler ABI info - done
[0.426s] -- Detecting CXX compile features
[0.427s] -- Detecting CXX compile features - done
[0.429s] -- Found ament_cmake: 0.9.12 (/opt/ros/foxy/share/ament_cmake/cmake)
[0.446s] -- Found PythonInterp: /usr/bin/python3 (found suitable version "3.8.10", minimum required is "3") 
[0.447s] -- Using PYTHON_EXECUTABLE: /usr/bin/python3
[0.608s] -- Found rclcpp: 2.4.3 (/opt/ros/foxy/share/rclcpp/cmake)
[0.647s] -- Using all available rosidl_typesupport_c: rosidl_typesupport_fastrtps_c;rosidl_typesupport_introspection_c
[0.652s] -- Found rosidl_adapter: 1.3.1 (/opt/ros/foxy/share/rosidl_adapter/cmake)
[0.717s] -- Found OpenSSL: /usr/lib/x86_64-linux-gnu/libcrypto.so (found version "1.1.1f")  
[0.746s] -- Found FastRTPS: /opt/ros/foxy/include  
[0.836s] -- Using all available rosidl_typesupport_cpp: rosidl_typesupport_fastrtps_cpp;rosidl_typesupport_introspection_cpp
[0.897s] -- Found rmw_implementation_cmake: 1.0.4 (/opt/ros/foxy/share/rmw_implementation_cmake/cmake)
[0.898s] -- Using RMW implementation 'rmw_fastrtps_cpp' as default
[0.898s] -- Looking for pthread.h
[0.950s] -- Looking for pthread.h - found
[0.950s] -- Performing Test CMAKE_HAVE_LIBC_PTHREAD
[1.003s] -- Performing Test CMAKE_HAVE_LIBC_PTHREAD - Failed
[1.003s] -- Looking for pthread_create in pthreads
[1.043s] -- Looking for pthread_create in pthreads - not found
[1.043s] -- Looking for pthread_create in pthread
[1.095s] -- Looking for pthread_create in pthread - found
[1.095s] -- Found Threads: TRUE  
[1.208s] -- Found interface: 0.0.0 (/home/weiwei/Desktop/project/ObsAvoidance/install/interface/share/interface/cmake)
[1.397s] -- Found cv_bridge: 3.0.7 (/opt/ros/foxy/share/cv_bridge/cmake)
[1.421s] -- Found pcl_conversions: 2.2.1 (/opt/ros/foxy/share/pcl_conversions/cmake)
[1.555s] -- Found octomap_msgs: 2.0.0 (/opt/ros/foxy/share/octomap_msgs/cmake)
[1.619s] -- Checking for module 'eigen3'
[1.632s] --   Found eigen3, version 3.3.9
[1.662s] -- Found Eigen: /usr/include/eigen3 (Required is at least version "3.1") 
[1.662s] -- Eigen found (include: /usr/include/eigen3, version: 3.3.7)
[1.699s] -- Found Boost: /usr/include (found suitable version "1.71.0", minimum required is "1.55.0") found components: system filesystem date_time iostreams regex 
[1.712s] -- Checking for module 'flann'
[1.724s] --   Found flann, version 1.9.1
[1.756s] -- Found FLANN: /usr/lib/x86_64-linux-gnu/libflann_cpp.so  
[1.798s] -- The imported target "vtkParseOGLExt" references the file
[1.798s]    "/usr/bin/vtkParseOGLExt-7.1"
[1.798s] but this file does not exist.  Possible reasons include:
[1.798s] * The file was deleted, renamed, or moved to another location.
[1.798s] * An install or uninstall procedure did not complete successfully.
[1.798s] * The installation package was faulty and contained
[1.798s]    "/usr/lib/cmake/vtk-7.1/VTKTargets.cmake"
[1.798s] but not all the files it references.
[1.798s] 
[1.798s] -- The imported target "vtkRenderingPythonTkWidgets" references the file
[1.798s]    "/usr/lib/x86_64-linux-gnu/libvtkRenderingPythonTkWidgets.so"
[1.798s] but this file does not exist.  Possible reasons include:
[1.798s] * The file was deleted, renamed, or moved to another location.
[1.798s] * An install or uninstall procedure did not complete successfully.
[1.798s] * The installation package was faulty and contained
[1.798s]    "/usr/lib/cmake/vtk-7.1/VTKTargets.cmake"
[1.799s] but not all the files it references.
[1.799s] 
[1.799s] -- The imported target "vtk" references the file
[1.799s]    "/usr/bin/vtk"
[1.799s] but this file does not exist.  Possible reasons include:
[1.799s] * The file was deleted, renamed, or moved to another location.
[1.799s] * An install or uninstall procedure did not complete successfully.
[1.799s] * The installation package was faulty and contained
[1.799s]    "/usr/lib/cmake/vtk-7.1/VTKTargets.cmake"
[1.799s] but not all the files it references.
[1.799s] 
[1.799s] -- The imported target "pvtk" references the file
[1.799s]    "/usr/bin/pvtk"
[1.799s] but this file does not exist.  Possible reasons include:
[1.799s] * The file was deleted, renamed, or moved to another location.
[1.799s] * An install or uninstall procedure did not complete successfully.
[1.799s] * The installation package was faulty and contained
[1.799s]    "/usr/lib/cmake/vtk-7.1/VTKTargets.cmake"
[1.799s] but not all the files it references.
[1.799s] 
[1.814s] -- Checking for module 'libusb-1.0'
[1.827s] --   Found libusb-1.0, version 1.0.23
[1.861s] -- Found USB_10: /usr/lib/x86_64-linux-gnu/libusb-1.0.so  
[1.901s] -- Found OpenNI: /usr/lib/libOpenNI.so  
[1.901s] -- OpenNI found (include: /usr/include/ni, lib: /usr/lib/libOpenNI.so)
[1.952s] -- Found OpenNI2: /usr/lib/libOpenNI2.so  
[1.952s] -- OpenNI2 found (include: /usr/include/openni2, lib: /usr/lib/libOpenNI2.so)
[1.952s] ** WARNING ** io features related to pcap will be disabled
[1.952s] ** WARNING ** io features related to png will be disabled
[1.962s] -- Found libusb-1.0: /usr/include  
[1.962s] ** WARNING ** io features related to libusb-1.0 will be disabled
[1.968s] -- OpenNI found (include: /usr/include/ni, lib: /usr/lib/libOpenNI.so)
[1.973s] -- OpenNI2 found (include: /usr/include/openni2, lib: /usr/lib/libOpenNI2.so)
[2.000s] -- Found Qhull: optimized;/usr/lib/x86_64-linux-gnu/libqhull.so;debug;/usr/lib/x86_64-linux-gnu/libqhull.so  
[2.000s] -- QHULL found (include: /usr/include, lib: optimized;/usr/lib/x86_64-linux-gnu/libqhull.so;debug;/usr/lib/x86_64-linux-gnu/libqhull.so)
[2.006s] -- OpenNI found (include: /usr/include/ni, lib: /usr/lib/libOpenNI.so)
[2.017s] -- looking for PCL_COMMON
[2.019s] -- Found PCL_COMMON: /usr/lib/x86_64-linux-gnu/libpcl_common.so  
[2.019s] -- looking for PCL_KDTREE
[2.020s] -- Found PCL_KDTREE: /usr/lib/x86_64-linux-gnu/libpcl_kdtree.so  
[2.021s] -- looking for PCL_OCTREE
[2.021s] -- Found PCL_OCTREE: /usr/lib/x86_64-linux-gnu/libpcl_octree.so  
[2.022s] -- looking for PCL_SEARCH
[2.023s] -- Found PCL_SEARCH: /usr/lib/x86_64-linux-gnu/libpcl_search.so  
[2.023s] -- looking for PCL_SAMPLE_CONSENSUS
[2.024s] -- Found PCL_SAMPLE_CONSENSUS: /usr/lib/x86_64-linux-gnu/libpcl_sample_consensus.so  
[2.024s] -- looking for PCL_FILTERS
[2.025s] -- Found PCL_FILTERS: /usr/lib/x86_64-linux-gnu/libpcl_filters.so  
[2.025s] -- looking for PCL_2D
[2.025s] -- Found PCL_2D: /usr/include/pcl-1.10  
[2.025s] -- looking for PCL_GEOMETRY
[2.026s] -- Found PCL_GEOMETRY: /usr/include/pcl-1.10  
[2.026s] -- looking for PCL_IO
[2.027s] -- Found PCL_IO: /usr/lib/x86_64-linux-gnu/libpcl_io.so  
[2.027s] -- looking for PCL_FEATURES
[2.028s] -- Found PCL_FEATURES: /usr/lib/x86_64-linux-gnu/libpcl_features.so  
[2.028s] -- looking for PCL_ML
[2.029s] -- Found PCL_ML: /usr/lib/x86_64-linux-gnu/libpcl_ml.so  
[2.030s] -- looking for PCL_SEGMENTATION
[2.030s] -- Found PCL_SEGMENTATION: /usr/lib/x86_64-linux-gnu/libpcl_segmentation.so  
[2.031s] -- looking for PCL_VISUALIZATION
[2.031s] -- Found PCL_VISUALIZATION: /usr/lib/x86_64-linux-gnu/libpcl_visualization.so  
[2.032s] -- looking for PCL_SURFACE
[2.033s] -- Found PCL_SURFACE: /usr/lib/x86_64-linux-gnu/libpcl_surface.so  
[2.033s] -- looking for PCL_REGISTRATION
[2.034s] -- Found PCL_REGISTRATION: /usr/lib/x86_64-linux-gnu/libpcl_registration.so  
[2.034s] -- looking for PCL_KEYPOINTS
[2.035s] -- Found PCL_KEYPOINTS: /usr/lib/x86_64-linux-gnu/libpcl_keypoints.so  
[2.035s] -- looking for PCL_TRACKING
[2.036s] -- Found PCL_TRACKING: /usr/lib/x86_64-linux-gnu/libpcl_tracking.so  
[2.036s] -- looking for PCL_RECOGNITION
[2.037s] -- Found PCL_RECOGNITION: /usr/lib/x86_64-linux-gnu/libpcl_recognition.so  
[2.038s] -- looking for PCL_STEREO
[2.039s] -- Found PCL_STEREO: /usr/lib/x86_64-linux-gnu/libpcl_stereo.so  
[2.039s] -- looking for PCL_APPS
[2.040s] -- Found PCL_APPS: /usr/lib/x86_64-linux-gnu/libpcl_apps.so  
[2.041s] -- looking for PCL_IN_HAND_SCANNER
[2.041s] -- Found PCL_IN_HAND_SCANNER: /usr/include/pcl-1.10  
[2.041s] -- looking for PCL_POINT_CLOUD_EDITOR
[2.042s] -- Found PCL_POINT_CLOUD_EDITOR: /usr/include/pcl-1.10  
[2.042s] -- looking for PCL_OUTOFCORE
[2.044s] -- Found PCL_OUTOFCORE: /usr/lib/x86_64-linux-gnu/libpcl_outofcore.so  
[2.045s] -- looking for PCL_PEOPLE
[2.046s] -- Found PCL_PEOPLE: /usr/lib/x86_64-linux-gnu/libpcl_people.so  
[2.047s] -- Found PCL: pcl_common;pcl_kdtree;pcl_octree;pcl_search;pcl_sample_consensus;pcl_filters;pcl_io;pcl_features;pcl_ml;pcl_segmentation;pcl_visualization;pcl_surface;pcl_registration;pcl_keypoints;pcl_tracking;pcl_recognition;pcl_stereo;pcl_apps;pcl_outofcore;pcl_people;/usr/lib/x86_64-linux-gnu/libboost_system.so;/usr/lib/x86_64-linux-gnu/libboost_filesystem.so;/usr/lib/x86_64-linux-gnu/libboost_date_time.so;/usr/lib/x86_64-linux-gnu/libboost_iostreams.so;/usr/lib/x86_64-linux-gnu/libboost_regex.so;optimized;/usr/lib/x86_64-linux-gnu/libqhull.so;debug;/usr/lib/x86_64-linux-gnu/libqhull.so;/usr/lib/libOpenNI.so;/usr/lib/libOpenNI2.so;vtkChartsCore;vtkCommonColor;vtkCommonCore;vtksys;vtkCommonDataModel;vtkCommonMath;vtkCommonMisc;vtkCommonSystem;vtkCommonTransforms;vtkCommonExecutionModel;vtkFiltersGeneral;vtkCommonComputationalGeometry;vtkFiltersCore;vtkInfovisCore;vtkFiltersExtraction;vtkFiltersStatistics;vtkImagingFourier;vtkImagingCore;vtkalglib;vtkRenderingContext2D;vtkRenderingCore;vtkFiltersGeometry;vtkFiltersSources;vtkRenderingFreeType;/usr/lib/x86_64-linux-gnu/libfreetype.so;/usr/lib/x86_64-linux-gnu/libz.so;vtkFiltersModeling;vtkImagingSources;vtkInteractionStyle;vtkInteractionWidgets;vtkFiltersHybrid;vtkImagingColor;vtkImagingGeneral;vtkImagingHybrid;vtkIOImage;vtkDICOMParser;vtkmetaio;/usr/lib/x86_64-linux-gnu/libjpeg.so;/usr/lib/x86_64-linux-gnu/libpng.so;/usr/lib/x86_64-linux-gnu/libtiff.so;vtkRenderingAnnotation;vtkRenderingVolume;vtkIOXML;vtkIOCore;vtkIOXMLParser;/usr/lib/x86_64-linux-gnu/libexpat.so;vtkIOGeometry;vtkIOLegacy;vtkIOPLY;vtkRenderingLOD;vtkViewsContext2D;vtkViewsCore;vtkRenderingContextOpenGL2;vtkRenderingOpenGL2;FLANN::FLANN  
[2.053s] -- Found OpenCV: /usr (found version "4.2.0") 
[2.261s] -- Found BLAS: /usr/lib/x86_64-linux-gnu/libblas.so  
[2.405s] -- Found AMD headers in: /usr/include/suitesparse
[2.406s] -- Found AMD library: /usr/lib/x86_64-linux-gnu/libamd.so
[2.406s] -- Found CAMD headers in: /usr/include/suitesparse
[2.408s] -- Found CAMD library: /usr/lib/x86_64-linux-gnu/libcamd.so
[2.409s] -- Found CCOLAMD headers in: /usr/include/suitesparse
[2.410s] -- Found CCOLAMD library: /usr/lib/x86_64-linux-gnu/libccolamd.so
[2.410s] -- Found CHOLMOD headers in: /usr/include/suitesparse
[2.411s] -- Found CHOLMOD library: /usr/lib/x86_64-linux-gnu/libcholmod.so
[2.412s] -- Found COLAMD headers in: /usr/include/suitesparse
[2.413s] -- Found COLAMD library: /usr/lib/x86_64-linux-gnu/libcolamd.so
[2.413s] -- Found SPQR headers in: /usr/include/suitesparse
[2.413s] -- Found SPQR library: /usr/lib/x86_64-linux-gnu/libspqr.so
[2.414s] -- Found Config headers in: /usr/include/suitesparse
[2.415s] -- Found Config library: /usr/lib/x86_64-linux-gnu/libsuitesparseconfig.so
[2.417s] -- Found Intel Thread Building Blocks (TBB) library (2020.1 / 11101) include location: . Assuming SuiteSparseQR was compiled with TBB.
[2.417s] -- Looking for shm_open in rt
[2.477s] -- Looking for shm_open in rt - found
[2.478s] -- Adding librt to SuiteSparse_config libraries (required on Linux & Unix [not OSX] if SuiteSparse is compiled with timing).
[2.485s] -- Could NOT find METIS (missing: METIS_INCLUDE_DIR METIS_LIBRARY) 
[2.487s] -- Found SuiteSparse: /usr/include/suitesparse (found suitable version "5.7.1", minimum required is "5.7.1") found components: AMD CAMD CCOLAMD CHOLMOD COLAMD SPQR Config 
[2.489s] -- Found required Ceres dependency: Eigen version 3.3.9 in /usr/local/share/eigen3/cmake
[2.493s] -- Found required Ceres dependency: glog
[2.496s] -- Found required Ceres dependency: gflags
[2.497s] -- Found Ceres version: 2.2.0 installed in: /usr/local with components: [EigenSparse, SparseLinearAlgebraLibrary, LAPACK, SuiteSparse, SchurSpecializations]
[2.499s] -- Found ament_lint_auto: 0.9.8 (/opt/ros/foxy/share/ament_lint_auto/cmake)
[2.624s] -- Added test 'copyright' to check source files copyright and LICENSE
[2.625s] -- Added test 'cppcheck' to perform static code analysis on C / C++ code
[2.625s] -- Configured cppcheck include dirs: 
[2.625s] -- Configured cppcheck exclude dirs and/or files: 
[2.626s] -- Added test 'cpplint' to check C / C++ code against the Google style
[2.626s] -- Configured cpplint exclude dirs and/or files: 
[2.626s] -- Added test 'lint_cmake' to check CMake code style
[2.627s] -- Added test 'uncrustify' to check C / C++ code style
[2.627s] -- Configured uncrustify additional arguments: 
[2.627s] -- Added test 'xmllint' to check XML markup files
[2.630s] -- Configuring done
[2.667s] -- Generating done
[2.668s] -- Build files have been written to: /home/weiwei/Desktop/project/ObsAvoidance/build/path_planner
[2.683s] Invoked command in '/home/weiwei/Desktop/project/ObsAvoidance/build/path_planner' returned '0': AMENT_PREFIX_PATH=/home/weiwei/Desktop/project/ObsAvoidance/install/interface:${AMENT_PREFIX_PATH} CMAKE_PREFIX_PATH=/home/weiwei/Desktop/project/ObsAvoidance/install/interface:/opt/ros/foxy LD_LIBRARY_PATH=/home/weiwei/Desktop/project/ObsAvoidance/install/interface/lib:${LD_LIBRARY_PATH} PYTHONPATH=/home/weiwei/Desktop/project/ObsAvoidance/install/interface/lib/python3.8/site-packages:${PYTHONPATH} /usr/bin/cmake /home/weiwei/Desktop/project/ObsAvoidance/src/path_planner -DCMAKE_INSTALL_PREFIX=/home/weiwei/Desktop/project/ObsAvoidance/install/path_planner
[2.685s] Invoking command in '/home/weiwei/Desktop/project/ObsAvoidance/build/path_planner': AMENT_PREFIX_PATH=/home/weiwei/Desktop/project/ObsAvoidance/install/interface:${AMENT_PREFIX_PATH} CMAKE_PREFIX_PATH=/home/weiwei/Desktop/project/ObsAvoidance/install/interface:/opt/ros/foxy LD_LIBRARY_PATH=/home/weiwei/Desktop/project/ObsAvoidance/install/interface/lib:${LD_LIBRARY_PATH} PYTHONPATH=/home/weiwei/Desktop/project/ObsAvoidance/install/interface/lib/python3.8/site-packages:${PYTHONPATH} /usr/bin/cmake --build /home/weiwei/Desktop/project/ObsAvoidance/build/path_planner -- -j16 -l16
[2.722s] [35m[1mScanning dependencies of target path_planner[0m
[2.809s] [ 33%] [32mBuilding CXX object CMakeFiles/path_planner.dir/src/planner.cpp.o[0m
[2.809s] [ 66%] [32mBuilding CXX object CMakeFiles/path_planner.dir/src/main.cpp.o[0m
[169.945s] In file included from [01m[K/usr/local/include/ceres/ceres.h:46[m[K,
[169.945s]                  from [01m[K/home/weiwei/Desktop/project/ObsAvoidance/src/path_planner/src/planner.hpp:12[m[K,
[169.945s]                  from [01m[K/home/weiwei/Desktop/project/ObsAvoidance/src/path_planner/src/planner.cpp:1[m[K:
[169.945s] [01m[K/usr/local/include/ceres/dynamic_autodiff_cost_function.h:280:48:[m[K [01;31m[Kerror: [m[Kexpected constructor, destructor, or type conversion before â€˜[01m[K;[m[Kâ€™ token
[169.945s]   280 |     -> DynamicAutoDiffCostFunction<CostFunctor>[01;31m[K;[m[K
[169.945s]       |                                                [01;31m[K^[m[K
[170.010s] In file included from [01m[K/usr/local/include/ceres/ceres.h:65[m[K,
[170.010s]                  from [01m[K/home/weiwei/Desktop/project/ObsAvoidance/src/path_planner/src/planner.hpp:12[m[K,
[170.010s]                  from [01m[K/home/weiwei/Desktop/project/ObsAvoidance/src/path_planner/src/planner.cpp:1[m[K:
[170.010s] [01m[K/usr/local/include/ceres/product_manifold.h:315:59:[m[K [01;31m[Kerror: [m[Kexpected constructor, destructor, or type conversion before â€˜[01m[K;[m[Kâ€™ token
[170.011s]   315 |     -> ProductManifold<Manifold0, Manifold1, Manifolds...>[01;31m[K;[m[K
[170.011s]       |                                                           [01;31m[K^[m[K
[170.191s] In file included from [01m[K/usr/local/include/ceres/ceres.h:46[m[K,
[170.191s]                  from [01m[K/home/weiwei/Desktop/project/ObsAvoidance/src/path_planner/src/planner.hpp:12[m[K,
[170.191s]                  from [01m[K/home/weiwei/Desktop/project/ObsAvoidance/src/path_planner/src/main.cpp:1[m[K:
[170.191s] [01m[K/usr/local/include/ceres/dynamic_autodiff_cost_function.h:280:48:[m[K [01;31m[Kerror: [m[Kexpected constructor, destructor, or type conversion before â€˜[01m[K;[m[Kâ€™ token
[170.191s]   280 |     -> DynamicAutoDiffCostFunction<CostFunctor>[01;31m[K;[m[K
[170.191s]       |                                                [01;31m[K^[m[K
[170.257s] In file included from [01m[K/usr/local/include/ceres/ceres.h:65[m[K,
[170.257s]                  from [01m[K/home/weiwei/Desktop/project/ObsAvoidance/src/path_planner/src/planner.hpp:12[m[K,
[170.257s]                  from [01m[K/home/weiwei/Desktop/project/ObsAvoidance/src/path_planner/src/main.cpp:1[m[K:
[170.257s] [01m[K/usr/local/include/ceres/product_manifold.h:315:59:[m[K [01;31m[Kerror: [m[Kexpected constructor, destructor, or type conversion before â€˜[01m[K;[m[Kâ€™ token
[170.257s]   315 |     -> ProductManifold<Manifold0, Manifold1, Manifolds...>[01;31m[K;[m[K
[170.257s]       |                                                           [01;31m[K^[m[K
