[0.224s] Invoking command in '/home/weiwei/Desktop/project/ObsAvoidance/build/model': CMAKE_PREFIX_PATH=/home/weiwei/Desktop/project/ObsAvoidance/install/interface:/home/weiwei/Desktop/project/ObsAvoidance/install/orbslam:/home/weiwei/Desktop/project/ObsAvoidance/install/model:/home/weiwei/Desktop/project/ObsAvoidance/install/media:/opt/ros/foxy /usr/bin/cmake --build /home/weiwei/Desktop/project/ObsAvoidance/build/model -- -j16 -l16
[0.244s] -- Found ament_cmake: 0.9.12 (/opt/ros/foxy/share/ament_cmake/cmake)
[0.260s] -- Using PYTHON_EXECUTABLE: /usr/bin/python3
[0.388s] -- Found rclcpp: 2.4.3 (/opt/ros/foxy/share/rclcpp/cmake)
[0.425s] -- Using all available rosidl_typesupport_c: rosidl_typesupport_fastrtps_c;rosidl_typesupport_introspection_c
[0.429s] -- Found rosidl_adapter: 1.3.1 (/opt/ros/foxy/share/rosidl_adapter/cmake)
[0.523s] -- Using all available rosidl_typesupport_cpp: rosidl_typesupport_fastrtps_cpp;rosidl_typesupport_introspection_cpp
[0.558s] -- Found rmw_implementation_cmake: 1.0.4 (/opt/ros/foxy/share/rmw_implementation_cmake/cmake)
[0.559s] -- Using RMW implementation 'rmw_fastrtps_cpp' as default
[0.654s] -- Found interface: 0.0.0 (/home/weiwei/Desktop/project/ObsAvoidance/install/interface/share/interface/cmake)
[0.815s] -- Found cv_bridge: 3.0.7 (/opt/ros/foxy/share/cv_bridge/cmake)
[0.833s] -- Found pcl_conversions: 2.2.1 (/opt/ros/foxy/share/pcl_conversions/cmake)
[0.988s] -- Found octomap_msgs: 2.0.0 (/opt/ros/foxy/share/octomap_msgs/cmake)
[1.046s] -- Eigen found (include: /usr/include/eigen3, version: 3.3.7)
[1.110s] -- The imported target "vtkParseOGLExt" references the file
[1.110s]    "/usr/bin/vtkParseOGLExt-7.1"
[1.110s] but this file does not exist.  Possible reasons include:
[1.110s] * The file was deleted, renamed, or moved to another location.
[1.110s] * An install or uninstall procedure did not complete successfully.
[1.110s] * The installation package was faulty and contained
[1.110s]    "/usr/lib/cmake/vtk-7.1/VTKTargets.cmake"
[1.110s] but not all the files it references.
[1.110s] 
[1.111s] -- The imported target "vtkRenderingPythonTkWidgets" references the file
[1.111s]    "/usr/lib/x86_64-linux-gnu/libvtkRenderingPythonTkWidgets.so"
[1.111s] but this file does not exist.  Possible reasons include:
[1.111s] * The file was deleted, renamed, or moved to another location.
[1.111s] * An install or uninstall procedure did not complete successfully.
[1.111s] * The installation package was faulty and contained
[1.111s]    "/usr/lib/cmake/vtk-7.1/VTKTargets.cmake"
[1.111s] but not all the files it references.
[1.111s] 
[1.111s] -- The imported target "vtk" references the file
[1.111s]    "/usr/bin/vtk"
[1.111s] but this file does not exist.  Possible reasons include:
[1.111s] * The file was deleted, renamed, or moved to another location.
[1.111s] * An install or uninstall procedure did not complete successfully.
[1.112s] * The installation package was faulty and contained
[1.112s]    "/usr/lib/cmake/vtk-7.1/VTKTargets.cmake"
[1.112s] but not all the files it references.
[1.112s] 
[1.112s] -- The imported target "pvtk" references the file
[1.112s]    "/usr/bin/pvtk"
[1.112s] but this file does not exist.  Possible reasons include:
[1.112s] * The file was deleted, renamed, or moved to another location.
[1.112s] * An install or uninstall procedure did not complete successfully.
[1.112s] * The installation package was faulty and contained
[1.112s]    "/usr/lib/cmake/vtk-7.1/VTKTargets.cmake"
[1.112s] but not all the files it references.
[1.112s] 
[1.127s] -- OpenNI found (include: /usr/include/ni, lib: /usr/lib/libOpenNI.so)
[1.132s] -- OpenNI2 found (include: /usr/include/openni2, lib: /usr/lib/libOpenNI2.so)
[1.132s] ** WARNING ** io features related to pcap will be disabled
[1.132s] ** WARNING ** io features related to png will be disabled
[1.147s] ** WARNING ** io features related to libusb-1.0 will be disabled
[1.154s] -- OpenNI found (include: /usr/include/ni, lib: /usr/lib/libOpenNI.so)
[1.159s] -- OpenNI2 found (include: /usr/include/openni2, lib: /usr/lib/libOpenNI2.so)
[1.168s] -- QHULL found (include: /usr/include, lib: optimized;/usr/lib/x86_64-linux-gnu/libqhull.so;debug;/usr/lib/x86_64-linux-gnu/libqhull.so)
[1.173s] -- OpenNI found (include: /usr/include/ni, lib: /usr/lib/libOpenNI.so)
[1.182s] -- looking for PCL_COMMON
[1.182s] -- looking for PCL_KDTREE
[1.182s] -- looking for PCL_OCTREE
[1.182s] -- looking for PCL_SEARCH
[1.183s] -- looking for PCL_SAMPLE_CONSENSUS
[1.183s] -- looking for PCL_FILTERS
[1.184s] -- looking for PCL_2D
[1.184s] -- looking for PCL_GEOMETRY
[1.184s] -- looking for PCL_IO
[1.185s] -- looking for PCL_FEATURES
[1.185s] -- looking for PCL_ML
[1.185s] -- looking for PCL_SEGMENTATION
[1.186s] -- looking for PCL_VISUALIZATION
[1.186s] -- looking for PCL_SURFACE
[1.187s] -- looking for PCL_REGISTRATION
[1.187s] -- looking for PCL_KEYPOINTS
[1.187s] -- looking for PCL_TRACKING
[1.188s] -- looking for PCL_RECOGNITION
[1.188s] -- looking for PCL_STEREO
[1.189s] -- looking for PCL_APPS
[1.189s] -- looking for PCL_IN_HAND_SCANNER
[1.190s] -- looking for PCL_POINT_CLOUD_EDITOR
[1.190s] -- looking for PCL_OUTOFCORE
[1.190s] -- looking for PCL_PEOPLE
[1.280s] -- Found AMD headers in: /usr/include/suitesparse
[1.280s] -- Found AMD library: /usr/lib/x86_64-linux-gnu/libamd.so
[1.280s] -- Found CAMD headers in: /usr/include/suitesparse
[1.280s] -- Found CAMD library: /usr/lib/x86_64-linux-gnu/libcamd.so
[1.280s] -- Found CCOLAMD headers in: /usr/include/suitesparse
[1.280s] -- Found CCOLAMD library: /usr/lib/x86_64-linux-gnu/libccolamd.so
[1.280s] -- Found CHOLMOD headers in: /usr/include/suitesparse
[1.281s] -- Found CHOLMOD library: /usr/lib/x86_64-linux-gnu/libcholmod.so
[1.281s] -- Found COLAMD headers in: /usr/include/suitesparse
[1.281s] -- Found COLAMD library: /usr/lib/x86_64-linux-gnu/libcolamd.so
[1.281s] -- Found SPQR headers in: /usr/include/suitesparse
[1.281s] -- Found SPQR library: /usr/lib/x86_64-linux-gnu/libspqr.so
[1.281s] -- Found Config headers in: /usr/include/suitesparse
[1.281s] -- Found Config library: /usr/lib/x86_64-linux-gnu/libsuitesparseconfig.so
[1.282s] -- Found Intel Thread Building Blocks (TBB) library (2020.1 / 11101) include location: . Assuming SuiteSparseQR was compiled with TBB.
[1.282s] -- Adding librt to SuiteSparse_config libraries (required on Linux & Unix [not OSX] if SuiteSparse is compiled with timing).
[1.285s] -- Could NOT find METIS (missing: METIS_INCLUDE_DIR METIS_LIBRARY) 
[1.288s] -- Found required Ceres dependency: Eigen version 3.3.9 in /usr/local/share/eigen3/cmake
[1.289s] -- Found required Ceres dependency: glog
[1.290s] -- Found required Ceres dependency: gflags
[1.291s] -- Found Ceres version: 2.2.0 installed in: /usr/local with components: [EigenSparse, SparseLinearAlgebraLibrary, LAPACK, SuiteSparse, SchurSpecializations]
[1.291s] -- Found ament_lint_auto: 0.9.8 (/opt/ros/foxy/share/ament_lint_auto/cmake)
[1.404s] -- Added test 'copyright' to check source files copyright and LICENSE
[1.405s] -- Added test 'cppcheck' to perform static code analysis on C / C++ code
[1.406s] -- Configured cppcheck include dirs: 
[1.406s] -- Configured cppcheck exclude dirs and/or files: 
[1.407s] -- Added test 'cpplint' to check C / C++ code against the Google style
[1.407s] -- Configured cpplint exclude dirs and/or files: 
[1.407s] -- Added test 'lint_cmake' to check CMake code style
[1.407s] -- Added test 'uncrustify' to check C / C++ code style
[1.407s] -- Configured uncrustify additional arguments: 
[1.408s] -- Added test 'xmllint' to check XML markup files
[1.412s] -- Configuring done
[1.503s] -- Generating done
[1.504s] -- Build files have been written to: /home/weiwei/Desktop/project/ObsAvoidance/build/model
[1.555s] [35m[1mScanning dependencies of target model[0m
[1.656s] [ 66%] [32mBuilding CXX object CMakeFiles/model.dir/src/main.cpp.o[0m
[1.656s] [ 66%] [32mBuilding CXX object CMakeFiles/model.dir/src/model.cpp.o[0m
[2.524s] make[2]: *** [CMakeFiles/model.dir/build.make:76: CMakeFiles/model.dir/src/model.cpp.o] ä¸­æ–­
[2.524s] make[2]: *** [CMakeFiles/model.dir/build.make:63: CMakeFiles/model.dir/src/main.cpp.o] ä¸­æ–­
[2.525s] make[1]: *** [CMakeFiles/Makefile2:105: CMakeFiles/model.dir/all] ä¸­æ–­
[2.525s] make: *** [Makefile:141: all] ä¸­æ–­
[2.540s] Invoked command in '/home/weiwei/Desktop/project/ObsAvoidance/build/model' returned '-2': CMAKE_PREFIX_PATH=/home/weiwei/Desktop/project/ObsAvoidance/install/interface:/home/weiwei/Desktop/project/ObsAvoidance/install/orbslam:/home/weiwei/Desktop/project/ObsAvoidance/install/model:/home/weiwei/Desktop/project/ObsAvoidance/install/media:/opt/ros/foxy /usr/bin/cmake --build /home/weiwei/Desktop/project/ObsAvoidance/build/model -- -j16 -l16
