[0.258s] Invoking command in '/home/weiwei/Desktop/project/ObsAvoidance/build/path_follow': CMAKE_PREFIX_PATH=/home/weiwei/Desktop/project/ObsAvoidance/install/interface:/home/weiwei/Desktop/project/ObsAvoidance/install/path_follow:/opt/ros/foxy /usr/bin/cmake --build /home/weiwei/Desktop/project/ObsAvoidance/build/path_follow -- -j16 -l16
[0.281s] -- Found ament_cmake: 0.9.12 (/opt/ros/foxy/share/ament_cmake/cmake)
[0.294s] -- Using PYTHON_EXECUTABLE: /usr/bin/python3
[0.406s] -- Found rclcpp: 2.4.3 (/opt/ros/foxy/share/rclcpp/cmake)
[0.430s] -- Using all available rosidl_typesupport_c: rosidl_typesupport_fastrtps_c;rosidl_typesupport_introspection_c
[0.433s] -- Found rosidl_adapter: 1.3.1 (/opt/ros/foxy/share/rosidl_adapter/cmake)
[0.523s] -- Using all available rosidl_typesupport_cpp: rosidl_typesupport_fastrtps_cpp;rosidl_typesupport_introspection_cpp
[0.552s] -- Found rmw_implementation_cmake: 1.0.4 (/opt/ros/foxy/share/rmw_implementation_cmake/cmake)
[0.553s] -- Using RMW implementation 'rmw_fastrtps_cpp' as default
[0.638s] -- Found rclcpp_components: 2.4.3 (/opt/ros/foxy/share/rclcpp_components/cmake)
[0.671s] -- Found geometry_msgs: 2.0.5 (/opt/ros/foxy/share/geometry_msgs/cmake)
[0.692s] -- Found visualization_msgs: 2.0.5 (/opt/ros/foxy/share/visualization_msgs/cmake)
[0.736s] -- Found cv_bridge: 3.0.7 (/opt/ros/foxy/share/cv_bridge/cmake)
[0.861s] -- Found AMD headers in: /usr/include/suitesparse
[0.862s] -- Found AMD library: /usr/lib/x86_64-linux-gnu/libamd.so
[0.862s] -- Found CAMD headers in: /usr/include/suitesparse
[0.862s] -- Found CAMD library: /usr/lib/x86_64-linux-gnu/libcamd.so
[0.862s] -- Found CCOLAMD headers in: /usr/include/suitesparse
[0.862s] -- Found CCOLAMD library: /usr/lib/x86_64-linux-gnu/libccolamd.so
[0.862s] -- Found CHOLMOD headers in: /usr/include/suitesparse
[0.862s] -- Found CHOLMOD library: /usr/lib/x86_64-linux-gnu/libcholmod.so
[0.862s] -- Found COLAMD headers in: /usr/include/suitesparse
[0.862s] -- Found COLAMD library: /usr/lib/x86_64-linux-gnu/libcolamd.so
[0.862s] -- Found SPQR headers in: /usr/include/suitesparse
[0.862s] -- Found SPQR library: /usr/lib/x86_64-linux-gnu/libspqr.so
[0.862s] -- Found Config headers in: /usr/include/suitesparse
[0.862s] -- Found Config library: /usr/lib/x86_64-linux-gnu/libsuitesparseconfig.so
[0.862s] -- Found Intel Thread Building Blocks (TBB) library (2020.1 / 11101) include location: . Assuming SuiteSparseQR was compiled with TBB.
[0.862s] -- Adding librt to SuiteSparse_config libraries (required on Linux & Unix [not OSX] if SuiteSparse is compiled with timing).
[0.865s] -- Could NOT find METIS (missing: METIS_INCLUDE_DIR METIS_LIBRARY) 
[0.867s] -- Found required Ceres dependency: Eigen version 3.3.9 in /usr/local/share/eigen3/cmake
[0.868s] -- Found required Ceres dependency: glog
[0.869s] -- Found required Ceres dependency: gflags
[0.869s] -- Found Ceres version: 2.2.0 installed in: /usr/local with components: [EigenSparse, SparseLinearAlgebraLibrary, LAPACK, SuiteSparse, SchurSpecializations]
[0.870s] -- Found interface: 0.0.0 (/home/weiwei/Desktop/project/ObsAvoidance/install/interface/share/interface/cmake)
[0.942s] CMake Error at /usr/share/cmake-3.16/Modules/FindPackageHandleStandardArgs.cmake:146 (message):
[0.942s]   Could NOT find OpenCV (missing: PATH
[0.942s]   /home/weiwei/Desktop/thirdParty/opencv/opencv-4.7.0/build/installed) (found
[0.942s]   version "4.2.0")
[0.942s] Call Stack (most recent call first):
[0.942s]   /usr/share/cmake-3.16/Modules/FindPackageHandleStandardArgs.cmake:393 (_FPHSA_FAILURE_MESSAGE)
[0.942s]   /usr/lib/x86_64-linux-gnu/cmake/opencv4/OpenCVConfig.cmake:328 (find_package_handle_standard_args)
[0.942s]   CMakeLists.txt:31 (find_package)
[0.942s] 
[0.942s] 
[0.943s] -- Configuring incomplete, errors occurred!
[0.943s] See also "/home/weiwei/Desktop/project/ObsAvoidance/build/path_follow/CMakeFiles/CMakeOutput.log".
[0.943s] See also "/home/weiwei/Desktop/project/ObsAvoidance/build/path_follow/CMakeFiles/CMakeError.log".
[0.951s] make: *** [Makefile:326：cmake_check_build_system] 错误 1
[0.952s] Invoked command in '/home/weiwei/Desktop/project/ObsAvoidance/build/path_follow' returned '2': CMAKE_PREFIX_PATH=/home/weiwei/Desktop/project/ObsAvoidance/install/interface:/home/weiwei/Desktop/project/ObsAvoidance/install/path_follow:/opt/ros/foxy /usr/bin/cmake --build /home/weiwei/Desktop/project/ObsAvoidance/build/path_follow -- -j16 -l16
