[0.098s] Invoking command in '/home/weiwei/Desktop/project/ObsAvoidance/build/path_planner': CMAKE_PREFIX_PATH=/home/weiwei/Desktop/project/ObsAvoidance/install/interface:/home/weiwei/Desktop/project/ObsAvoidance/install/path_planner:/home/weiwei/Desktop/project/ObsAvoidance/install/orbslam:/home/weiwei/Desktop/project/ObsAvoidance/install/model:/home/weiwei/Desktop/project/ObsAvoidance/install/media:/opt/ros/foxy /usr/bin/cmake --build /home/weiwei/Desktop/project/ObsAvoidance/build/path_planner -- -j16 -l16
[0.117s] -- Found ament_cmake: 0.9.12 (/opt/ros/foxy/share/ament_cmake/cmake)
[0.131s] -- Using PYTHON_EXECUTABLE: /usr/bin/python3
[0.239s] -- Found rclcpp: 2.4.3 (/opt/ros/foxy/share/rclcpp/cmake)
[0.259s] -- Using all available rosidl_typesupport_c: rosidl_typesupport_fastrtps_c;rosidl_typesupport_introspection_c
[0.261s] -- Found rosidl_adapter: 1.3.1 (/opt/ros/foxy/share/rosidl_adapter/cmake)
[0.340s] -- Using all available rosidl_typesupport_cpp: rosidl_typesupport_fastrtps_cpp;rosidl_typesupport_introspection_cpp
[0.369s] -- Found rmw_implementation_cmake: 1.0.4 (/opt/ros/foxy/share/rmw_implementation_cmake/cmake)
[0.370s] -- Using RMW implementation 'rmw_fastrtps_cpp' as default
[0.456s] -- Found interface: 0.0.0 (/home/weiwei/Desktop/project/ObsAvoidance/install/interface/share/interface/cmake)
[0.600s] -- Found cv_bridge: 3.0.7 (/opt/ros/foxy/share/cv_bridge/cmake)
[0.616s] -- Found pcl_conversions: 2.2.1 (/opt/ros/foxy/share/pcl_conversions/cmake)
[0.717s] -- Found octomap_msgs: 2.0.0 (/opt/ros/foxy/share/octomap_msgs/cmake)
[0.765s] -- Eigen found (include: /usr/include/eigen3, version: 3.3.7)
[0.817s] -- The imported target "vtkParseOGLExt" references the file
[0.817s]    "/usr/bin/vtkParseOGLExt-7.1"
[0.817s] but this file does not exist.  Possible reasons include:
[0.817s] * The file was deleted, renamed, or moved to another location.
[0.818s] * An install or uninstall procedure did not complete successfully.
[0.818s] * The installation package was faulty and contained
[0.818s]    "/usr/lib/cmake/vtk-7.1/VTKTargets.cmake"
[0.818s] but not all the files it references.
[0.818s] 
[0.818s] -- The imported target "vtkRenderingPythonTkWidgets" references the file
[0.818s]    "/usr/lib/x86_64-linux-gnu/libvtkRenderingPythonTkWidgets.so"
[0.818s] but this file does not exist.  Possible reasons include:
[0.818s] * The file was deleted, renamed, or moved to another location.
[0.818s] * An install or uninstall procedure did not complete successfully.
[0.818s] * The installation package was faulty and contained
[0.818s]    "/usr/lib/cmake/vtk-7.1/VTKTargets.cmake"
[0.818s] but not all the files it references.
[0.818s] 
[0.818s] -- The imported target "vtk" references the file
[0.818s]    "/usr/bin/vtk"
[0.818s] but this file does not exist.  Possible reasons include:
[0.818s] * The file was deleted, renamed, or moved to another location.
[0.818s] * An install or uninstall procedure did not complete successfully.
[0.818s] * The installation package was faulty and contained
[0.818s]    "/usr/lib/cmake/vtk-7.1/VTKTargets.cmake"
[0.818s] but not all the files it references.
[0.818s] 
[0.819s] -- The imported target "pvtk" references the file
[0.819s]    "/usr/bin/pvtk"
[0.819s] but this file does not exist.  Possible reasons include:
[0.819s] * The file was deleted, renamed, or moved to another location.
[0.819s] * An install or uninstall procedure did not complete successfully.
[0.819s] * The installation package was faulty and contained
[0.819s]    "/usr/lib/cmake/vtk-7.1/VTKTargets.cmake"
[0.819s] but not all the files it references.
[0.819s] 
[0.831s] -- OpenNI found (include: /usr/include/ni, lib: /usr/lib/libOpenNI.so)
[0.835s] -- OpenNI2 found (include: /usr/include/openni2, lib: /usr/lib/libOpenNI2.so)
[0.835s] ** WARNING ** io features related to pcap will be disabled
[0.835s] ** WARNING ** io features related to png will be disabled
[0.843s] ** WARNING ** io features related to libusb-1.0 will be disabled
[0.846s] -- OpenNI found (include: /usr/include/ni, lib: /usr/lib/libOpenNI.so)
[0.850s] -- OpenNI2 found (include: /usr/include/openni2, lib: /usr/lib/libOpenNI2.so)
[0.858s] -- QHULL found (include: /usr/include, lib: optimized;/usr/lib/x86_64-linux-gnu/libqhull.so;debug;/usr/lib/x86_64-linux-gnu/libqhull.so)
[0.861s] -- OpenNI found (include: /usr/include/ni, lib: /usr/lib/libOpenNI.so)
[0.868s] -- looking for PCL_COMMON
[0.869s] -- looking for PCL_KDTREE
[0.869s] -- looking for PCL_OCTREE
[0.869s] -- looking for PCL_SEARCH
[0.870s] -- looking for PCL_SAMPLE_CONSENSUS
[0.870s] -- looking for PCL_FILTERS
[0.870s] -- looking for PCL_2D
[0.870s] -- looking for PCL_GEOMETRY
[0.871s] -- looking for PCL_IO
[0.871s] -- looking for PCL_FEATURES
[0.871s] -- looking for PCL_ML
[0.872s] -- looking for PCL_SEGMENTATION
[0.872s] -- looking for PCL_VISUALIZATION
[0.872s] -- looking for PCL_SURFACE
[0.873s] -- looking for PCL_REGISTRATION
[0.873s] -- looking for PCL_KEYPOINTS
[0.874s] -- looking for PCL_TRACKING
[0.874s] -- looking for PCL_RECOGNITION
[0.874s] -- looking for PCL_STEREO
[0.875s] -- looking for PCL_APPS
[0.875s] -- looking for PCL_IN_HAND_SCANNER
[0.876s] -- looking for PCL_POINT_CLOUD_EDITOR
[0.876s] -- looking for PCL_OUTOFCORE
[0.876s] -- looking for PCL_PEOPLE
[0.948s] -- Found AMD headers in: /usr/include/suitesparse
[0.948s] -- Found AMD library: /usr/lib/x86_64-linux-gnu/libamd.so
[0.949s] -- Found CAMD headers in: /usr/include/suitesparse
[0.949s] -- Found CAMD library: /usr/lib/x86_64-linux-gnu/libcamd.so
[0.949s] -- Found CCOLAMD headers in: /usr/include/suitesparse
[0.949s] -- Found CCOLAMD library: /usr/lib/x86_64-linux-gnu/libccolamd.so
[0.949s] -- Found CHOLMOD headers in: /usr/include/suitesparse
[0.949s] -- Found CHOLMOD library: /usr/lib/x86_64-linux-gnu/libcholmod.so
[0.949s] -- Found COLAMD headers in: /usr/include/suitesparse
[0.949s] -- Found COLAMD library: /usr/lib/x86_64-linux-gnu/libcolamd.so
[0.949s] -- Found SPQR headers in: /usr/include/suitesparse
[0.949s] -- Found SPQR library: /usr/lib/x86_64-linux-gnu/libspqr.so
[0.949s] -- Found Config headers in: /usr/include/suitesparse
[0.949s] -- Found Config library: /usr/lib/x86_64-linux-gnu/libsuitesparseconfig.so
[0.949s] -- Found Intel Thread Building Blocks (TBB) library (2020.1 / 11101) include location: . Assuming SuiteSparseQR was compiled with TBB.
[0.950s] -- Adding librt to SuiteSparse_config libraries (required on Linux & Unix [not OSX] if SuiteSparse is compiled with timing).
[0.952s] -- Could NOT find METIS (missing: METIS_INCLUDE_DIR METIS_LIBRARY) 
[0.954s] -- Found required Ceres dependency: Eigen version 3.3.9 in /usr/local/share/eigen3/cmake
[0.955s] -- Found required Ceres dependency: glog
[0.956s] -- Found required Ceres dependency: gflags
[0.957s] -- Found Ceres version: 2.2.0 installed in: /usr/local with components: [EigenSparse, SparseLinearAlgebraLibrary, LAPACK, SuiteSparse, SchurSpecializations]
[0.957s] -- Found ament_lint_auto: 0.9.8 (/opt/ros/foxy/share/ament_lint_auto/cmake)
[1.017s] -- Added test 'copyright' to check source files copyright and LICENSE
[1.017s] -- Added test 'cppcheck' to perform static code analysis on C / C++ code
[1.018s] -- Configured cppcheck include dirs: 
[1.018s] -- Configured cppcheck exclude dirs and/or files: 
[1.018s] -- Added test 'cpplint' to check C / C++ code against the Google style
[1.018s] -- Configured cpplint exclude dirs and/or files: 
[1.019s] -- Added test 'lint_cmake' to check CMake code style
[1.019s] -- Added test 'uncrustify' to check C / C++ code style
[1.019s] -- Configured uncrustify additional arguments: 
[1.019s] -- Added test 'xmllint' to check XML markup files
[1.021s] -- Configuring done
[1.032s] -- Generating done
[1.033s] -- Build files have been written to: /home/weiwei/Desktop/project/ObsAvoidance/build/path_planner
[1.055s] [35m[1mScanning dependencies of target path_planner[0m
[1.074s] [ 33%] [32mBuilding CXX object CMakeFiles/path_planner.dir/src/planner.cpp.o[0m
[1.075s] [ 66%] [32mBuilding CXX object CMakeFiles/path_planner.dir/src/main.cpp.o[0m
[1.207s] In file included from [01m[K/home/weiwei/Desktop/project/ObsAvoidance/src/path_planner/src/main.cpp:1[m[K:
[1.207s] [01m[K/home/weiwei/Desktop/project/ObsAvoidance/src/path_planner/src/planner.hpp:5:10:[m[K [01;31m[Kfatal error: [m[Kopencv2/core/eigen.hpp: Ê≤°ÊúâÈÇ£‰∏™Êñá‰ª∂ÊàñÁõÆÂΩï
[1.207s]     5 | #include [01;31m[K<opencv2/core/eigen.hpp>[m[K
[1.207s]       |          [01;31m[K^~~~~~~~~~~~~~~~~~~~~~~~[m[K
[1.207s] compilation terminated.
[1.208s] In file included from [01m[K/home/weiwei/Desktop/project/ObsAvoidance/src/path_planner/src/planner.cpp:1[m[K:
[1.208s] [01m[K/home/weiwei/Desktop/project/ObsAvoidance/src/path_planner/src/planner.hpp:5:10:[m[K [01;31m[Kfatal error: [m[Kopencv2/core/eigen.hpp: Ê≤°ÊúâÈÇ£‰∏™Êñá‰ª∂ÊàñÁõÆÂΩï
[1.208s]     5 | #include [01;31m[K<opencv2/core/eigen.hpp>[m[K
[1.208s]       |          [01;31m[K^~~~~~~~~~~~~~~~~~~~~~~~[m[K
[1.208s] compilation terminated.
[1.210s] make[2]: *** [CMakeFiles/path_planner.dir/build.make:76ÔºöCMakeFiles/path_planner.dir/src/main.cpp.o] ÈîôËØØ 1
[1.210s] make[2]: *** Ê≠£Âú®Á≠âÂæÖÊú™ÂÆåÊàêÁöÑ‰ªªÂä°....
[1.212s] make[2]: *** [CMakeFiles/path_planner.dir/build.make:63ÔºöCMakeFiles/path_planner.dir/src/planner.cpp.o] ÈîôËØØ 1
[1.213s] make[1]: *** [CMakeFiles/Makefile2:105ÔºöCMakeFiles/path_planner.dir/all] ÈîôËØØ 2
[1.213s] make: *** [Makefile:141Ôºöall] ÈîôËØØ 2
[1.215s] Invoked command in '/home/weiwei/Desktop/project/ObsAvoidance/build/path_planner' returned '2': CMAKE_PREFIX_PATH=/home/weiwei/Desktop/project/ObsAvoidance/install/interface:/home/weiwei/Desktop/project/ObsAvoidance/install/path_planner:/home/weiwei/Desktop/project/ObsAvoidance/install/orbslam:/home/weiwei/Desktop/project/ObsAvoidance/install/model:/home/weiwei/Desktop/project/ObsAvoidance/install/media:/opt/ros/foxy /usr/bin/cmake --build /home/weiwei/Desktop/project/ObsAvoidance/build/path_planner -- -j16 -l16
