[0.100s] Invoking command in '/home/weiwei/Desktop/project/ObsAvoidance/build/path_planner': CMAKE_PREFIX_PATH=/home/weiwei/Desktop/project/ObsAvoidance/install/interface:/home/weiwei/Desktop/project/ObsAvoidance/install/path_planner:/home/weiwei/Desktop/project/ObsAvoidance/install/orbslam:/home/weiwei/Desktop/project/ObsAvoidance/install/model:/home/weiwei/Desktop/project/ObsAvoidance/install/media:/opt/ros/foxy /usr/bin/cmake --build /home/weiwei/Desktop/project/ObsAvoidance/build/path_planner -- -j16 -l16
[0.119s] -- Found ament_cmake: 0.9.12 (/opt/ros/foxy/share/ament_cmake/cmake)
[0.133s] -- Using PYTHON_EXECUTABLE: /usr/bin/python3
[0.248s] -- Found rclcpp: 2.4.3 (/opt/ros/foxy/share/rclcpp/cmake)
[0.270s] -- Using all available rosidl_typesupport_c: rosidl_typesupport_fastrtps_c;rosidl_typesupport_introspection_c
[0.272s] -- Found rosidl_adapter: 1.3.1 (/opt/ros/foxy/share/rosidl_adapter/cmake)
[0.359s] -- Using all available rosidl_typesupport_cpp: rosidl_typesupport_fastrtps_cpp;rosidl_typesupport_introspection_cpp
[0.393s] -- Found rmw_implementation_cmake: 1.0.4 (/opt/ros/foxy/share/rmw_implementation_cmake/cmake)
[0.393s] -- Using RMW implementation 'rmw_fastrtps_cpp' as default
[0.491s] -- Found interface: 0.0.0 (/home/weiwei/Desktop/project/ObsAvoidance/install/interface/share/interface/cmake)
[0.655s] -- Found cv_bridge: 3.0.7 (/opt/ros/foxy/share/cv_bridge/cmake)
[0.672s] -- Found pcl_conversions: 2.2.1 (/opt/ros/foxy/share/pcl_conversions/cmake)
[0.786s] -- Found octomap_msgs: 2.0.0 (/opt/ros/foxy/share/octomap_msgs/cmake)
[0.839s] -- Eigen found (include: /usr/include/eigen3, version: 3.3.7)
[0.898s] -- The imported target "vtkParseOGLExt" references the file
[0.898s]    "/usr/bin/vtkParseOGLExt-7.1"
[0.898s] but this file does not exist.  Possible reasons include:
[0.898s] * The file was deleted, renamed, or moved to another location.
[0.898s] * An install or uninstall procedure did not complete successfully.
[0.898s] * The installation package was faulty and contained
[0.898s]    "/usr/lib/cmake/vtk-7.1/VTKTargets.cmake"
[0.898s] but not all the files it references.
[0.898s] 
[0.898s] -- The imported target "vtkRenderingPythonTkWidgets" references the file
[0.898s]    "/usr/lib/x86_64-linux-gnu/libvtkRenderingPythonTkWidgets.so"
[0.898s] but this file does not exist.  Possible reasons include:
[0.898s] * The file was deleted, renamed, or moved to another location.
[0.899s] * An install or uninstall procedure did not complete successfully.
[0.899s] * The installation package was faulty and contained
[0.899s]    "/usr/lib/cmake/vtk-7.1/VTKTargets.cmake"
[0.899s] but not all the files it references.
[0.899s] 
[0.899s] -- The imported target "vtk" references the file
[0.899s]    "/usr/bin/vtk"
[0.899s] but this file does not exist.  Possible reasons include:
[0.899s] * The file was deleted, renamed, or moved to another location.
[0.899s] * An install or uninstall procedure did not complete successfully.
[0.899s] * The installation package was faulty and contained
[0.899s]    "/usr/lib/cmake/vtk-7.1/VTKTargets.cmake"
[0.899s] but not all the files it references.
[0.899s] 
[0.899s] -- The imported target "pvtk" references the file
[0.899s]    "/usr/bin/pvtk"
[0.899s] but this file does not exist.  Possible reasons include:
[0.899s] * The file was deleted, renamed, or moved to another location.
[0.899s] * An install or uninstall procedure did not complete successfully.
[0.899s] * The installation package was faulty and contained
[0.899s]    "/usr/lib/cmake/vtk-7.1/VTKTargets.cmake"
[0.899s] but not all the files it references.
[0.899s] 
[0.913s] -- OpenNI found (include: /usr/include/ni, lib: /usr/lib/libOpenNI.so)
[0.917s] -- OpenNI2 found (include: /usr/include/openni2, lib: /usr/lib/libOpenNI2.so)
[0.917s] ** WARNING ** io features related to pcap will be disabled
[0.917s] ** WARNING ** io features related to png will be disabled
[0.925s] ** WARNING ** io features related to libusb-1.0 will be disabled
[0.930s] -- OpenNI found (include: /usr/include/ni, lib: /usr/lib/libOpenNI.so)
[0.934s] -- OpenNI2 found (include: /usr/include/openni2, lib: /usr/lib/libOpenNI2.so)
[0.943s] -- QHULL found (include: /usr/include, lib: optimized;/usr/lib/x86_64-linux-gnu/libqhull.so;debug;/usr/lib/x86_64-linux-gnu/libqhull.so)
[0.947s] -- OpenNI found (include: /usr/include/ni, lib: /usr/lib/libOpenNI.so)
[0.955s] -- looking for PCL_COMMON
[0.956s] -- looking for PCL_KDTREE
[0.956s] -- looking for PCL_OCTREE
[0.956s] -- looking for PCL_SEARCH
[0.957s] -- looking for PCL_SAMPLE_CONSENSUS
[0.957s] -- looking for PCL_FILTERS
[0.957s] -- looking for PCL_2D
[0.958s] -- looking for PCL_GEOMETRY
[0.958s] -- looking for PCL_IO
[0.958s] -- looking for PCL_FEATURES
[0.959s] -- looking for PCL_ML
[0.959s] -- looking for PCL_SEGMENTATION
[0.960s] -- looking for PCL_VISUALIZATION
[0.960s] -- looking for PCL_SURFACE
[0.960s] -- looking for PCL_REGISTRATION
[0.961s] -- looking for PCL_KEYPOINTS
[0.961s] -- looking for PCL_TRACKING
[0.962s] -- looking for PCL_RECOGNITION
[0.962s] -- looking for PCL_STEREO
[0.963s] -- looking for PCL_APPS
[0.963s] -- looking for PCL_IN_HAND_SCANNER
[0.963s] -- looking for PCL_POINT_CLOUD_EDITOR
[0.964s] -- looking for PCL_OUTOFCORE
[0.964s] -- looking for PCL_PEOPLE
[1.044s] -- Found AMD headers in: /usr/include/suitesparse
[1.044s] -- Found AMD library: /usr/lib/x86_64-linux-gnu/libamd.so
[1.044s] -- Found CAMD headers in: /usr/include/suitesparse
[1.044s] -- Found CAMD library: /usr/lib/x86_64-linux-gnu/libcamd.so
[1.044s] -- Found CCOLAMD headers in: /usr/include/suitesparse
[1.044s] -- Found CCOLAMD library: /usr/lib/x86_64-linux-gnu/libccolamd.so
[1.044s] -- Found CHOLMOD headers in: /usr/include/suitesparse
[1.044s] -- Found CHOLMOD library: /usr/lib/x86_64-linux-gnu/libcholmod.so
[1.044s] -- Found COLAMD headers in: /usr/include/suitesparse
[1.044s] -- Found COLAMD library: /usr/lib/x86_64-linux-gnu/libcolamd.so
[1.044s] -- Found SPQR headers in: /usr/include/suitesparse
[1.044s] -- Found SPQR library: /usr/lib/x86_64-linux-gnu/libspqr.so
[1.044s] -- Found Config headers in: /usr/include/suitesparse
[1.044s] -- Found Config library: /usr/lib/x86_64-linux-gnu/libsuitesparseconfig.so
[1.045s] -- Found Intel Thread Building Blocks (TBB) library (2020.1 / 11101) include location: . Assuming SuiteSparseQR was compiled with TBB.
[1.045s] -- Adding librt to SuiteSparse_config libraries (required on Linux & Unix [not OSX] if SuiteSparse is compiled with timing).
[1.048s] -- Could NOT find METIS (missing: METIS_INCLUDE_DIR METIS_LIBRARY) 
[1.050s] -- Found required Ceres dependency: Eigen version 3.3.9 in /usr/local/share/eigen3/cmake
[1.051s] -- Found required Ceres dependency: glog
[1.052s] -- Found required Ceres dependency: gflags
[1.053s] -- Found Ceres version: 2.2.0 installed in: /usr/local with components: [EigenSparse, SparseLinearAlgebraLibrary, LAPACK, SuiteSparse, SchurSpecializations]
[1.053s] -- Found ament_lint_auto: 0.9.8 (/opt/ros/foxy/share/ament_lint_auto/cmake)
[1.124s] -- Added test 'copyright' to check source files copyright and LICENSE
[1.125s] -- Added test 'cppcheck' to perform static code analysis on C / C++ code
[1.125s] -- Configured cppcheck include dirs: 
[1.125s] -- Configured cppcheck exclude dirs and/or files: 
[1.126s] -- Added test 'cpplint' to check C / C++ code against the Google style
[1.126s] -- Configured cpplint exclude dirs and/or files: 
[1.126s] -- Added test 'lint_cmake' to check CMake code style
[1.126s] -- Added test 'uncrustify' to check C / C++ code style
[1.127s] -- Configured uncrustify additional arguments: 
[1.127s] -- Added test 'xmllint' to check XML markup files
[1.128s] -- Configuring done
[1.146s] -- Generating done
[1.147s] -- Build files have been written to: /home/weiwei/Desktop/project/ObsAvoidance/build/path_planner
[1.171s] [35m[1mScanning dependencies of target path_planner[0m
[1.203s] [ 66%] [32mBuilding CXX object CMakeFiles/path_planner.dir/src/planner.cpp.o[0m
[1.203s] [ 66%] [32mBuilding CXX object CMakeFiles/path_planner.dir/src/main.cpp.o[0m
[3.238s] [01m[K/home/weiwei/Desktop/project/ObsAvoidance/src/path_planner/src/planner.cpp:[m[K In constructor â€˜[01m[Kpath_planner::path_planner()[m[Kâ€™:
[3.238s] [01m[K/home/weiwei/Desktop/project/ObsAvoidance/src/path_planner/src/planner.cpp:13:5:[m[K [01;31m[Kerror: [m[Kâ€˜[01m[Kceres[m[Kâ€™ has not been declared
[3.238s]    13 |     [01;31m[Kceres[m[K::Problem temp_problem;
[3.238s]       |     [01;31m[K^~~~~[m[K
[4.115s] make[2]: *** [CMakeFiles/path_planner.dir/build.make:63ï¼šCMakeFiles/path_planner.dir/src/planner.cpp.o] é”™è¯¯ 1
[4.115s] make[1]: *** [CMakeFiles/Makefile2:105ï¼šCMakeFiles/path_planner.dir/all] é”™è¯¯ 2
[4.116s] make: *** [Makefile:141ï¼šall] é”™è¯¯ 2
[4.118s] Invoked command in '/home/weiwei/Desktop/project/ObsAvoidance/build/path_planner' returned '2': CMAKE_PREFIX_PATH=/home/weiwei/Desktop/project/ObsAvoidance/install/interface:/home/weiwei/Desktop/project/ObsAvoidance/install/path_planner:/home/weiwei/Desktop/project/ObsAvoidance/install/orbslam:/home/weiwei/Desktop/project/ObsAvoidance/install/model:/home/weiwei/Desktop/project/ObsAvoidance/install/media:/opt/ros/foxy /usr/bin/cmake --build /home/weiwei/Desktop/project/ObsAvoidance/build/path_planner -- -j16 -l16
