[0.079s] Invoking command in '/home/weiwei/Desktop/project/ObsAvoidance/build/path_planner': AMENT_PREFIX_PATH=/home/weiwei/Desktop/project/ObsAvoidance/install/interface:${AMENT_PREFIX_PATH} CMAKE_PREFIX_PATH=/home/weiwei/Desktop/project/ObsAvoidance/install/interface:/opt/ros/foxy LD_LIBRARY_PATH=/home/weiwei/Desktop/project/ObsAvoidance/install/interface/lib:${LD_LIBRARY_PATH} PYTHONPATH=/home/weiwei/Desktop/project/ObsAvoidance/install/interface/lib/python3.8/site-packages:${PYTHONPATH} /usr/bin/cmake --build /home/weiwei/Desktop/project/ObsAvoidance/build/path_planner -- -j16 -l16
[0.100s] -- Found ament_cmake: 0.9.12 (/opt/ros/foxy/share/ament_cmake/cmake)
[0.118s] -- Using PYTHON_EXECUTABLE: /usr/bin/python3
[0.238s] -- Found rclcpp: 2.4.3 (/opt/ros/foxy/share/rclcpp/cmake)
[0.266s] -- Using all available rosidl_typesupport_c: rosidl_typesupport_fastrtps_c;rosidl_typesupport_introspection_c
[0.269s] -- Found rosidl_adapter: 1.3.1 (/opt/ros/foxy/share/rosidl_adapter/cmake)
[0.366s] -- Using all available rosidl_typesupport_cpp: rosidl_typesupport_fastrtps_cpp;rosidl_typesupport_introspection_cpp
[0.404s] -- Found rmw_implementation_cmake: 1.0.4 (/opt/ros/foxy/share/rmw_implementation_cmake/cmake)
[0.405s] -- Using RMW implementation 'rmw_fastrtps_cpp' as default
[0.508s] -- Found interface: 0.0.0 (/home/weiwei/Desktop/project/ObsAvoidance/install/interface/share/interface/cmake)
[0.667s] -- Found cv_bridge: 3.0.7 (/opt/ros/foxy/share/cv_bridge/cmake)
[0.683s] -- Found pcl_conversions: 2.2.1 (/opt/ros/foxy/share/pcl_conversions/cmake)
[0.791s] -- Found octomap_msgs: 2.0.0 (/opt/ros/foxy/share/octomap_msgs/cmake)
[0.841s] -- Eigen found (include: /usr/include/eigen3, version: 3.3.7)
[0.898s] -- The imported target "vtkParseOGLExt" references the file
[0.898s]    "/usr/bin/vtkParseOGLExt-7.1"
[0.899s] but this file does not exist.  Possible reasons include:
[0.899s] * The file was deleted, renamed, or moved to another location.
[0.899s] * An install or uninstall procedure did not complete successfully.
[0.899s] * The installation package was faulty and contained
[0.899s]    "/usr/lib/cmake/vtk-7.1/VTKTargets.cmake"
[0.899s] but not all the files it references.
[0.899s] 
[0.899s] -- The imported target "vtkRenderingPythonTkWidgets" references the file
[0.899s]    "/usr/lib/x86_64-linux-gnu/libvtkRenderingPythonTkWidgets.so"
[0.899s] but this file does not exist.  Possible reasons include:
[0.899s] * The file was deleted, renamed, or moved to another location.
[0.899s] * An install or uninstall procedure did not complete successfully.
[0.899s] * The installation package was faulty and contained
[0.899s]    "/usr/lib/cmake/vtk-7.1/VTKTargets.cmake"
[0.899s] but not all the files it references.
[0.900s] 
[0.900s] -- The imported target "vtk" references the file
[0.900s]    "/usr/bin/vtk"
[0.900s] but this file does not exist.  Possible reasons include:
[0.900s] * The file was deleted, renamed, or moved to another location.
[0.900s] * An install or uninstall procedure did not complete successfully.
[0.900s] * The installation package was faulty and contained
[0.900s]    "/usr/lib/cmake/vtk-7.1/VTKTargets.cmake"
[0.900s] but not all the files it references.
[0.900s] 
[0.900s] -- The imported target "pvtk" references the file
[0.900s]    "/usr/bin/pvtk"
[0.900s] but this file does not exist.  Possible reasons include:
[0.900s] * The file was deleted, renamed, or moved to another location.
[0.900s] * An install or uninstall procedure did not complete successfully.
[0.901s] * The installation package was faulty and contained
[0.901s]    "/usr/lib/cmake/vtk-7.1/VTKTargets.cmake"
[0.901s] but not all the files it references.
[0.901s] 
[0.919s] -- OpenNI found (include: /usr/include/ni, lib: /usr/lib/libOpenNI.so)
[0.924s] -- OpenNI2 found (include: /usr/include/openni2, lib: /usr/lib/libOpenNI2.so)
[0.924s] ** WARNING ** io features related to pcap will be disabled
[0.924s] ** WARNING ** io features related to png will be disabled
[0.932s] ** WARNING ** io features related to libusb-1.0 will be disabled
[0.936s] -- OpenNI found (include: /usr/include/ni, lib: /usr/lib/libOpenNI.so)
[0.941s] -- OpenNI2 found (include: /usr/include/openni2, lib: /usr/lib/libOpenNI2.so)
[0.949s] -- QHULL found (include: /usr/include, lib: optimized;/usr/lib/x86_64-linux-gnu/libqhull.so;debug;/usr/lib/x86_64-linux-gnu/libqhull.so)
[0.953s] -- OpenNI found (include: /usr/include/ni, lib: /usr/lib/libOpenNI.so)
[0.961s] -- looking for PCL_COMMON
[0.961s] -- looking for PCL_KDTREE
[0.961s] -- looking for PCL_OCTREE
[0.962s] -- looking for PCL_SEARCH
[0.962s] -- looking for PCL_SAMPLE_CONSENSUS
[0.962s] -- looking for PCL_FILTERS
[0.963s] -- looking for PCL_2D
[0.963s] -- looking for PCL_GEOMETRY
[0.963s] -- looking for PCL_IO
[0.964s] -- looking for PCL_FEATURES
[0.964s] -- looking for PCL_ML
[0.964s] -- looking for PCL_SEGMENTATION
[0.965s] -- looking for PCL_VISUALIZATION
[0.965s] -- looking for PCL_SURFACE
[0.966s] -- looking for PCL_REGISTRATION
[0.966s] -- looking for PCL_KEYPOINTS
[0.966s] -- looking for PCL_TRACKING
[0.967s] -- looking for PCL_RECOGNITION
[0.967s] -- looking for PCL_STEREO
[0.967s] -- looking for PCL_APPS
[0.969s] -- looking for PCL_IN_HAND_SCANNER
[0.969s] -- looking for PCL_POINT_CLOUD_EDITOR
[0.969s] -- looking for PCL_OUTOFCORE
[0.970s] -- looking for PCL_PEOPLE
[1.051s] -- Found AMD headers in: /usr/include/suitesparse
[1.051s] -- Found AMD library: /usr/lib/x86_64-linux-gnu/libamd.so
[1.051s] -- Found CAMD headers in: /usr/include/suitesparse
[1.051s] -- Found CAMD library: /usr/lib/x86_64-linux-gnu/libcamd.so
[1.052s] -- Found CCOLAMD headers in: /usr/include/suitesparse
[1.052s] -- Found CCOLAMD library: /usr/lib/x86_64-linux-gnu/libccolamd.so
[1.052s] -- Found CHOLMOD headers in: /usr/include/suitesparse
[1.052s] -- Found CHOLMOD library: /usr/lib/x86_64-linux-gnu/libcholmod.so
[1.052s] -- Found COLAMD headers in: /usr/include/suitesparse
[1.052s] -- Found COLAMD library: /usr/lib/x86_64-linux-gnu/libcolamd.so
[1.052s] -- Found SPQR headers in: /usr/include/suitesparse
[1.052s] -- Found SPQR library: /usr/lib/x86_64-linux-gnu/libspqr.so
[1.052s] -- Found Config headers in: /usr/include/suitesparse
[1.052s] -- Found Config library: /usr/lib/x86_64-linux-gnu/libsuitesparseconfig.so
[1.053s] -- Found Intel Thread Building Blocks (TBB) library (2020.1 / 11101) include location: . Assuming SuiteSparseQR was compiled with TBB.
[1.053s] -- Adding librt to SuiteSparse_config libraries (required on Linux & Unix [not OSX] if SuiteSparse is compiled with timing).
[1.056s] -- Could NOT find METIS (missing: METIS_INCLUDE_DIR METIS_LIBRARY) 
[1.058s] -- Found required Ceres dependency: Eigen version 3.3.9 in /usr/local/share/eigen3/cmake
[1.059s] -- Found required Ceres dependency: glog
[1.061s] -- Found required Ceres dependency: gflags
[1.061s] -- Found Ceres version: 2.2.0 installed in: /usr/local with components: [EigenSparse, SparseLinearAlgebraLibrary, LAPACK, SuiteSparse, SchurSpecializations]
[1.062s] -- Found ament_lint_auto: 0.9.8 (/opt/ros/foxy/share/ament_lint_auto/cmake)
[1.153s] -- Added test 'copyright' to check source files copyright and LICENSE
[1.154s] -- Added test 'cppcheck' to perform static code analysis on C / C++ code
[1.155s] -- Configured cppcheck include dirs: 
[1.155s] -- Configured cppcheck exclude dirs and/or files: 
[1.155s] -- Added test 'cpplint' to check C / C++ code against the Google style
[1.155s] -- Configured cpplint exclude dirs and/or files: 
[1.156s] -- Added test 'lint_cmake' to check CMake code style
[1.156s] -- Added test 'uncrustify' to check C / C++ code style
[1.156s] -- Configured uncrustify additional arguments: 
[1.157s] -- Added test 'xmllint' to check XML markup files
[1.159s] -- Configuring done
[1.182s] -- Generating done
[1.183s] -- Build files have been written to: /home/weiwei/Desktop/project/ObsAvoidance/build/path_planner
[1.211s] [35m[1mScanning dependencies of target path_planner[0m
[1.256s] [ 66%] [32mBuilding CXX object CMakeFiles/path_planner.dir/src/main.cpp.o[0m
[1.256s] [ 66%] [32mBuilding CXX object CMakeFiles/path_planner.dir/src/planner.cpp.o[0m
[5.216s] In file included from [01m[K/usr/local/include/ceres/ceres.h:46[m[K,
[5.216s]                  from [01m[K/home/weiwei/Desktop/project/ObsAvoidance/src/path_planner/src/planner.hpp:12[m[K,
[5.216s]                  from [01m[K/home/weiwei/Desktop/project/ObsAvoidance/src/path_planner/src/main.cpp:1[m[K:
[5.217s] [01m[K/usr/local/include/ceres/dynamic_autodiff_cost_function.h:280:48:[m[K [01;31m[Kerror: [m[Kexpected constructor, destructor, or type conversion before â€˜[01m[K;[m[Kâ€™ token
[5.217s]   280 |     -> DynamicAutoDiffCostFunction<CostFunctor>[01;31m[K;[m[K
[5.217s]       |                                                [01;31m[K^[m[K
[5.217s] In file included from [01m[K/usr/local/include/ceres/ceres.h:46[m[K,
[5.217s]                  from [01m[K/home/weiwei/Desktop/project/ObsAvoidance/src/path_planner/src/planner.hpp:12[m[K,
[5.217s]                  from [01m[K/home/weiwei/Desktop/project/ObsAvoidance/src/path_planner/src/planner.cpp:1[m[K:
[5.217s] [01m[K/usr/local/include/ceres/dynamic_autodiff_cost_function.h:280:48:[m[K [01;31m[Kerror: [m[Kexpected constructor, destructor, or type conversion before â€˜[01m[K;[m[Kâ€™ token
[5.217s]   280 |     -> DynamicAutoDiffCostFunction<CostFunctor>[01;31m[K;[m[K
[5.217s]       |                                                [01;31m[K^[m[K
[5.268s] In file included from [01m[K/usr/local/include/ceres/ceres.h:65[m[K,
[5.268s]                  from [01m[K/home/weiwei/Desktop/project/ObsAvoidance/src/path_planner/src/planner.hpp:12[m[K,
[5.268s]                  from [01m[K/home/weiwei/Desktop/project/ObsAvoidance/src/path_planner/src/main.cpp:1[m[K:
[5.268s] [01m[K/usr/local/include/ceres/product_manifold.h:315:59:[m[K [01;31m[Kerror: [m[Kexpected constructor, destructor, or type conversion before â€˜[01m[K;[m[Kâ€™ token
[5.268s]   315 |     -> ProductManifold<Manifold0, Manifold1, Manifolds...>[01;31m[K;[m[K
[5.268s]       |                                                           [01;31m[K^[m[K
[5.269s] In file included from [01m[K/usr/local/include/ceres/ceres.h:65[m[K,
[5.269s]                  from [01m[K/home/weiwei/Desktop/project/ObsAvoidance/src/path_planner/src/planner.hpp:12[m[K,
[5.269s]                  from [01m[K/home/weiwei/Desktop/project/ObsAvoidance/src/path_planner/src/planner.cpp:1[m[K:
[5.269s] [01m[K/usr/local/include/ceres/product_manifold.h:315:59:[m[K [01;31m[Kerror: [m[Kexpected constructor, destructor, or type conversion before â€˜[01m[K;[m[Kâ€™ token
[5.269s]   315 |     -> ProductManifold<Manifold0, Manifold1, Manifolds...>[01;31m[K;[m[K
[5.270s]       |                                                           [01;31m[K^[m[K
[8.235s] make[2]: *** [CMakeFiles/path_planner.dir/build.make:76ï¼šCMakeFiles/path_planner.dir/src/main.cpp.o] é”™è¯¯ 1
[8.235s] make[2]: *** æ­£åœ¨ç­‰å¾…æœªå®Œæˆçš„ä»»åŠ¡....
[8.960s] make[2]: *** [CMakeFiles/path_planner.dir/build.make:63ï¼šCMakeFiles/path_planner.dir/src/planner.cpp.o] é”™è¯¯ 1
[8.961s] make[1]: *** [CMakeFiles/Makefile2:105ï¼šCMakeFiles/path_planner.dir/all] é”™è¯¯ 2
[8.961s] make: *** [Makefile:141ï¼šall] é”™è¯¯ 2
[8.963s] Invoked command in '/home/weiwei/Desktop/project/ObsAvoidance/build/path_planner' returned '2': AMENT_PREFIX_PATH=/home/weiwei/Desktop/project/ObsAvoidance/install/interface:${AMENT_PREFIX_PATH} CMAKE_PREFIX_PATH=/home/weiwei/Desktop/project/ObsAvoidance/install/interface:/opt/ros/foxy LD_LIBRARY_PATH=/home/weiwei/Desktop/project/ObsAvoidance/install/interface/lib:${LD_LIBRARY_PATH} PYTHONPATH=/home/weiwei/Desktop/project/ObsAvoidance/install/interface/lib/python3.8/site-packages:${PYTHONPATH} /usr/bin/cmake --build /home/weiwei/Desktop/project/ObsAvoidance/build/path_planner -- -j16 -l16
